2021-04-01 10:44:53 上午 [Thread: serverthread0][ Class:io.metty.eventloop.AbstractNioEventLoop >> Method: io.metty.eventloop.AbstractNioEventLoop.run(AbstractNioEventLoop.java:77) ]
INFO:thread:   serverthread0------start
2021-04-01 10:44:53 上午 [Thread: workerthread0][ Class:io.metty.eventloop.AbstractNioEventLoop >> Method: io.metty.eventloop.AbstractNioEventLoop.run(AbstractNioEventLoop.java:77) ]
INFO:thread:   workerthread0------start
2021-04-01 10:44:53 上午 [Thread: main][ Class:io.metty.codec.decoder.DelimiterBasedFrameDecoder >> Method: io.metty.codec.decoder.DelimiterBasedFrameDecoder.init(DelimiterBasedFrameDecoder.java:32) ]
INFO:init delimiters
2021-04-01 10:44:53 上午 [Thread: main][ Class:io.metty.eventloop.NioBossEventLoop >> Method: io.metty.eventloop.NioBossEventLoop.registerChannelTask(NioBossEventLoop.java:67) ]
INFO:register server channel
2021-04-01 10:44:56 上午 [Thread: workerthread0][ Class:io.metty.eventloop.AbstractNioEventLoop >> Method: io.metty.eventloop.AbstractNioEventLoop.run(AbstractNioEventLoop.java:77) ]
INFO:thread:   workerthread0------start
2021-04-01 10:44:56 上午 [Thread: main][ Class:io.metty.eventloop.NioWorkerEventLoop >> Method: io.metty.eventloop.NioWorkerEventLoop.registerChannelTask(NioWorkerEventLoop.java:63) ]
INFO:register  clientchannel
2021-04-01 10:44:56 上午 [Thread: workerthread0][ Class:io.metty.eventloop.NioWorkerEventLoop >> Method: io.metty.eventloop.NioWorkerEventLoop.process(NioWorkerEventLoop.java:50) ]
INFO:socketchannel connected
2021-04-01 10:44:56 上午 [Thread: serverthread0][ Class:io.metty.eventloop.NioBossEventLoop >> Method: io.metty.eventloop.NioBossEventLoop.process(NioBossEventLoop.java:53) ]
INFO:accpet a new socketchannel 
2021-04-01 10:44:56 上午 [Thread: serverthread0][ Class:io.metty.eventloop.NioWorkerEventLoop >> Method: io.metty.eventloop.NioWorkerEventLoop.registerChannelTask(NioWorkerEventLoop.java:63) ]
INFO:register  clientchannel
2021-04-01 10:47:58 上午 [Thread: serverthread0][ Class:io.metty.eventloop.AbstractNioEventLoop >> Method: io.metty.eventloop.AbstractNioEventLoop.run(AbstractNioEventLoop.java:77) ]
INFO:thread:   serverthread0------start
2021-04-01 10:47:58 上午 [Thread: workerthread0][ Class:io.metty.eventloop.AbstractNioEventLoop >> Method: io.metty.eventloop.AbstractNioEventLoop.run(AbstractNioEventLoop.java:77) ]
INFO:thread:   workerthread0------start
2021-04-01 10:47:58 上午 [Thread: main][ Class:io.metty.codec.decoder.DelimiterBasedFrameDecoder >> Method: io.metty.codec.decoder.DelimiterBasedFrameDecoder.init(DelimiterBasedFrameDecoder.java:32) ]
INFO:init delimiters
2021-04-01 10:47:58 上午 [Thread: main][ Class:io.metty.eventloop.NioBossEventLoop >> Method: io.metty.eventloop.NioBossEventLoop.registerChannelTask(NioBossEventLoop.java:67) ]
INFO:register server channel
2021-04-01 10:48:01 上午 [Thread: serverthread0][ Class:io.metty.eventloop.AbstractNioEventLoop >> Method: io.metty.eventloop.AbstractNioEventLoop.run(AbstractNioEventLoop.java:77) ]
INFO:thread:   serverthread0------start
2021-04-01 10:48:01 上午 [Thread: workerthread0][ Class:io.metty.eventloop.AbstractNioEventLoop >> Method: io.metty.eventloop.AbstractNioEventLoop.run(AbstractNioEventLoop.java:77) ]
INFO:thread:   workerthread0------start
2021-04-01 10:48:01 上午 [Thread: main][ Class:io.metty.codec.decoder.DelimiterBasedFrameDecoder >> Method: io.metty.codec.decoder.DelimiterBasedFrameDecoder.init(DelimiterBasedFrameDecoder.java:32) ]
INFO:init delimiters
2021-04-01 10:48:01 上午 [Thread: main][ Class:io.metty.eventloop.NioBossEventLoop >> Method: io.metty.eventloop.NioBossEventLoop.registerChannelTask(NioBossEventLoop.java:67) ]
INFO:register server channel
2021-04-01 10:48:05 上午 [Thread: workerthread0][ Class:io.metty.eventloop.AbstractNioEventLoop >> Method: io.metty.eventloop.AbstractNioEventLoop.run(AbstractNioEventLoop.java:77) ]
INFO:thread:   workerthread0------start
2021-04-01 10:48:05 上午 [Thread: main][ Class:io.metty.eventloop.NioWorkerEventLoop >> Method: io.metty.eventloop.NioWorkerEventLoop.registerChannelTask(NioWorkerEventLoop.java:63) ]
INFO:register  clientchannel
2021-04-01 10:48:05 上午 [Thread: serverthread0][ Class:io.metty.eventloop.NioBossEventLoop >> Method: io.metty.eventloop.NioBossEventLoop.process(NioBossEventLoop.java:53) ]
INFO:accpet a new socketchannel 
2021-04-01 10:48:05 上午 [Thread: serverthread0][ Class:io.metty.eventloop.NioWorkerEventLoop >> Method: io.metty.eventloop.NioWorkerEventLoop.registerChannelTask(NioWorkerEventLoop.java:63) ]
INFO:register  clientchannel
2021-04-01 10:48:05 上午 [Thread: workerthread0][ Class:io.metty.eventloop.NioWorkerEventLoop >> Method: io.metty.eventloop.NioWorkerEventLoop.process(NioWorkerEventLoop.java:50) ]
INFO:socketchannel connected
2021-04-01 10:49:21 上午 [Thread: serverthread0][ Class:io.metty.eventloop.AbstractNioEventLoop >> Method: io.metty.eventloop.AbstractNioEventLoop.run(AbstractNioEventLoop.java:77) ]
INFO:thread:   serverthread0------start
2021-04-01 10:49:21 上午 [Thread: workerthread0][ Class:io.metty.eventloop.AbstractNioEventLoop >> Method: io.metty.eventloop.AbstractNioEventLoop.run(AbstractNioEventLoop.java:77) ]
INFO:thread:   workerthread0------start
2021-04-01 10:49:21 上午 [Thread: main][ Class:io.metty.codec.decoder.DelimiterBasedFrameDecoder >> Method: io.metty.codec.decoder.DelimiterBasedFrameDecoder.init(DelimiterBasedFrameDecoder.java:32) ]
INFO:init delimiters
2021-04-01 10:49:21 上午 [Thread: main][ Class:io.metty.eventloop.NioBossEventLoop >> Method: io.metty.eventloop.NioBossEventLoop.registerChannelTask(NioBossEventLoop.java:67) ]
INFO:register server channel
2021-04-01 10:49:28 上午 [Thread: serverthread0][ Class:io.metty.eventloop.AbstractNioEventLoop >> Method: io.metty.eventloop.AbstractNioEventLoop.run(AbstractNioEventLoop.java:77) ]
INFO:thread:   serverthread0------start
2021-04-01 10:49:28 上午 [Thread: workerthread0][ Class:io.metty.eventloop.AbstractNioEventLoop >> Method: io.metty.eventloop.AbstractNioEventLoop.run(AbstractNioEventLoop.java:77) ]
INFO:thread:   workerthread0------start
2021-04-01 10:49:28 上午 [Thread: main][ Class:io.metty.codec.decoder.DelimiterBasedFrameDecoder >> Method: io.metty.codec.decoder.DelimiterBasedFrameDecoder.init(DelimiterBasedFrameDecoder.java:32) ]
INFO:init delimiters
2021-04-01 10:49:28 上午 [Thread: main][ Class:io.metty.eventloop.NioBossEventLoop >> Method: io.metty.eventloop.NioBossEventLoop.registerChannelTask(NioBossEventLoop.java:67) ]
INFO:register server channel
2021-04-01 10:49:31 上午 [Thread: workerthread0][ Class:io.metty.eventloop.AbstractNioEventLoop >> Method: io.metty.eventloop.AbstractNioEventLoop.run(AbstractNioEventLoop.java:77) ]
INFO:thread:   workerthread0------start
2021-04-01 10:49:31 上午 [Thread: main][ Class:io.metty.eventloop.NioWorkerEventLoop >> Method: io.metty.eventloop.NioWorkerEventLoop.registerChannelTask(NioWorkerEventLoop.java:63) ]
INFO:register  clientchannel
2021-04-01 10:49:31 上午 [Thread: serverthread0][ Class:io.metty.eventloop.NioBossEventLoop >> Method: io.metty.eventloop.NioBossEventLoop.process(NioBossEventLoop.java:53) ]
INFO:accpet a new socketchannel 
2021-04-01 10:49:31 上午 [Thread: workerthread0][ Class:io.metty.eventloop.NioWorkerEventLoop >> Method: io.metty.eventloop.NioWorkerEventLoop.process(NioWorkerEventLoop.java:50) ]
INFO:socketchannel connected
2021-04-01 10:49:31 上午 [Thread: serverthread0][ Class:io.metty.eventloop.NioWorkerEventLoop >> Method: io.metty.eventloop.NioWorkerEventLoop.registerChannelTask(NioWorkerEventLoop.java:63) ]
INFO:register  clientchannel
2021-04-01 10:57:59 上午 [Thread: serverthread0][ Class:io.metty.eventloop.AbstractNioEventLoop >> Method: io.metty.eventloop.AbstractNioEventLoop.run(AbstractNioEventLoop.java:77) ]
INFO:thread:   serverthread0------start
2021-04-01 10:57:59 上午 [Thread: workerthread0][ Class:io.metty.eventloop.AbstractNioEventLoop >> Method: io.metty.eventloop.AbstractNioEventLoop.run(AbstractNioEventLoop.java:77) ]
INFO:thread:   workerthread0------start
2021-04-01 10:57:59 上午 [Thread: main][ Class:io.metty.codec.decoder.DelimiterBasedFrameDecoder >> Method: io.metty.codec.decoder.DelimiterBasedFrameDecoder.init(DelimiterBasedFrameDecoder.java:32) ]
INFO:init delimiters
2021-04-01 10:57:59 上午 [Thread: main][ Class:io.metty.eventloop.NioBossEventLoop >> Method: io.metty.eventloop.NioBossEventLoop.registerChannelTask(NioBossEventLoop.java:67) ]
INFO:register server channel
2021-04-01 10:58:02 上午 [Thread: workerthread0][ Class:io.metty.eventloop.AbstractNioEventLoop >> Method: io.metty.eventloop.AbstractNioEventLoop.run(AbstractNioEventLoop.java:77) ]
INFO:thread:   workerthread0------start
2021-04-01 10:58:02 上午 [Thread: main][ Class:io.metty.eventloop.NioWorkerEventLoop >> Method: io.metty.eventloop.NioWorkerEventLoop.registerChannelTask(NioWorkerEventLoop.java:63) ]
INFO:register  clientchannel
2021-04-01 10:58:02 上午 [Thread: workerthread0][ Class:io.metty.eventloop.NioWorkerEventLoop >> Method: io.metty.eventloop.NioWorkerEventLoop.process(NioWorkerEventLoop.java:50) ]
INFO:socketchannel connected
2021-04-01 10:58:02 上午 [Thread: serverthread0][ Class:io.metty.eventloop.NioBossEventLoop >> Method: io.metty.eventloop.NioBossEventLoop.process(NioBossEventLoop.java:53) ]
INFO:accpet a new socketchannel 
2021-04-01 10:58:02 上午 [Thread: serverthread0][ Class:io.metty.eventloop.NioWorkerEventLoop >> Method: io.metty.eventloop.NioWorkerEventLoop.registerChannelTask(NioWorkerEventLoop.java:63) ]
INFO:register  clientchannel
2021-04-01 10:58:02 上午 [Thread: workerthread0][ Class:io.metty.codec.ByteToMessageDecoder >> Method: io.metty.codec.ByteToMessageDecoder.channelRead(ByteToMessageDecoder.java:57) ]
INFO:decode error
2021-04-01 10:58:35 上午 [Thread: serverthread0][ Class:io.metty.eventloop.AbstractNioEventLoop >> Method: io.metty.eventloop.AbstractNioEventLoop.run(AbstractNioEventLoop.java:77) ]
INFO:thread:   serverthread0------start
2021-04-01 10:58:35 上午 [Thread: workerthread0][ Class:io.metty.eventloop.AbstractNioEventLoop >> Method: io.metty.eventloop.AbstractNioEventLoop.run(AbstractNioEventLoop.java:77) ]
INFO:thread:   workerthread0------start
2021-04-01 10:58:35 上午 [Thread: main][ Class:io.metty.codec.decoder.DelimiterBasedFrameDecoder >> Method: io.metty.codec.decoder.DelimiterBasedFrameDecoder.init(DelimiterBasedFrameDecoder.java:32) ]
INFO:init delimiters
2021-04-01 10:58:35 上午 [Thread: main][ Class:io.metty.eventloop.NioBossEventLoop >> Method: io.metty.eventloop.NioBossEventLoop.registerChannelTask(NioBossEventLoop.java:67) ]
INFO:register server channel
2021-04-01 10:58:38 上午 [Thread: workerthread0][ Class:io.metty.eventloop.AbstractNioEventLoop >> Method: io.metty.eventloop.AbstractNioEventLoop.run(AbstractNioEventLoop.java:77) ]
INFO:thread:   workerthread0------start
2021-04-01 10:58:38 上午 [Thread: main][ Class:io.metty.eventloop.NioWorkerEventLoop >> Method: io.metty.eventloop.NioWorkerEventLoop.registerChannelTask(NioWorkerEventLoop.java:63) ]
INFO:register  clientchannel
2021-04-01 10:58:38 上午 [Thread: workerthread0][ Class:io.metty.eventloop.NioWorkerEventLoop >> Method: io.metty.eventloop.NioWorkerEventLoop.process(NioWorkerEventLoop.java:50) ]
INFO:socketchannel connected
2021-04-01 10:58:38 上午 [Thread: serverthread0][ Class:io.metty.eventloop.NioBossEventLoop >> Method: io.metty.eventloop.NioBossEventLoop.process(NioBossEventLoop.java:53) ]
INFO:accpet a new socketchannel 
2021-04-01 10:58:38 上午 [Thread: serverthread0][ Class:io.metty.eventloop.NioWorkerEventLoop >> Method: io.metty.eventloop.NioWorkerEventLoop.registerChannelTask(NioWorkerEventLoop.java:63) ]
INFO:register  clientchannel
2021-04-01 10:59:35 上午 [Thread: workerthread0][ Class:io.metty.codec.ByteToMessageDecoder >> Method: io.metty.codec.ByteToMessageDecoder.channelRead(ByteToMessageDecoder.java:57) ]
INFO:decode error
2021-04-01 11:00:10 上午 [Thread: serverthread0][ Class:io.metty.eventloop.AbstractNioEventLoop >> Method: io.metty.eventloop.AbstractNioEventLoop.run(AbstractNioEventLoop.java:77) ]
INFO:thread:   serverthread0------start
2021-04-01 11:00:10 上午 [Thread: workerthread0][ Class:io.metty.eventloop.AbstractNioEventLoop >> Method: io.metty.eventloop.AbstractNioEventLoop.run(AbstractNioEventLoop.java:77) ]
INFO:thread:   workerthread0------start
2021-04-01 11:00:10 上午 [Thread: main][ Class:io.metty.codec.decoder.DelimiterBasedFrameDecoder >> Method: io.metty.codec.decoder.DelimiterBasedFrameDecoder.init(DelimiterBasedFrameDecoder.java:32) ]
INFO:init delimiters
2021-04-01 11:00:10 上午 [Thread: main][ Class:io.metty.eventloop.NioBossEventLoop >> Method: io.metty.eventloop.NioBossEventLoop.registerChannelTask(NioBossEventLoop.java:67) ]
INFO:register server channel
2021-04-01 11:00:13 上午 [Thread: workerthread0][ Class:io.metty.eventloop.AbstractNioEventLoop >> Method: io.metty.eventloop.AbstractNioEventLoop.run(AbstractNioEventLoop.java:77) ]
INFO:thread:   workerthread0------start
2021-04-01 11:00:13 上午 [Thread: main][ Class:io.metty.eventloop.NioWorkerEventLoop >> Method: io.metty.eventloop.NioWorkerEventLoop.registerChannelTask(NioWorkerEventLoop.java:63) ]
INFO:register  clientchannel
2021-04-01 11:00:13 上午 [Thread: workerthread0][ Class:io.metty.eventloop.NioWorkerEventLoop >> Method: io.metty.eventloop.NioWorkerEventLoop.process(NioWorkerEventLoop.java:50) ]
INFO:socketchannel connected
2021-04-01 11:00:13 上午 [Thread: serverthread0][ Class:io.metty.eventloop.NioBossEventLoop >> Method: io.metty.eventloop.NioBossEventLoop.process(NioBossEventLoop.java:53) ]
INFO:accpet a new socketchannel 
2021-04-01 11:00:13 上午 [Thread: serverthread0][ Class:io.metty.eventloop.NioWorkerEventLoop >> Method: io.metty.eventloop.NioWorkerEventLoop.registerChannelTask(NioWorkerEventLoop.java:63) ]
INFO:register  clientchannel
2021-04-01 11:00:39 上午 [Thread: workerthread0][ Class:io.metty.codec.ByteToMessageDecoder >> Method: io.metty.codec.ByteToMessageDecoder.channelRead(ByteToMessageDecoder.java:57) ]
INFO:decode error
2021-04-01 11:00:44 上午 [Thread: serverthread0][ Class:io.metty.eventloop.AbstractNioEventLoop >> Method: io.metty.eventloop.AbstractNioEventLoop.run(AbstractNioEventLoop.java:77) ]
INFO:thread:   serverthread0------start
2021-04-01 11:00:44 上午 [Thread: workerthread0][ Class:io.metty.eventloop.AbstractNioEventLoop >> Method: io.metty.eventloop.AbstractNioEventLoop.run(AbstractNioEventLoop.java:77) ]
INFO:thread:   workerthread0------start
2021-04-01 11:00:44 上午 [Thread: main][ Class:io.metty.codec.decoder.DelimiterBasedFrameDecoder >> Method: io.metty.codec.decoder.DelimiterBasedFrameDecoder.init(DelimiterBasedFrameDecoder.java:32) ]
INFO:init delimiters
2021-04-01 11:00:44 上午 [Thread: main][ Class:io.metty.eventloop.NioBossEventLoop >> Method: io.metty.eventloop.NioBossEventLoop.registerChannelTask(NioBossEventLoop.java:67) ]
INFO:register server channel
2021-04-01 11:00:46 上午 [Thread: workerthread0][ Class:io.metty.eventloop.AbstractNioEventLoop >> Method: io.metty.eventloop.AbstractNioEventLoop.run(AbstractNioEventLoop.java:77) ]
INFO:thread:   workerthread0------start
2021-04-01 11:00:46 上午 [Thread: main][ Class:io.metty.eventloop.NioWorkerEventLoop >> Method: io.metty.eventloop.NioWorkerEventLoop.registerChannelTask(NioWorkerEventLoop.java:63) ]
INFO:register  clientchannel
2021-04-01 11:00:47 上午 [Thread: workerthread0][ Class:io.metty.eventloop.NioWorkerEventLoop >> Method: io.metty.eventloop.NioWorkerEventLoop.process(NioWorkerEventLoop.java:50) ]
INFO:socketchannel connected
2021-04-01 11:00:47 上午 [Thread: serverthread0][ Class:io.metty.eventloop.NioBossEventLoop >> Method: io.metty.eventloop.NioBossEventLoop.process(NioBossEventLoop.java:53) ]
INFO:accpet a new socketchannel 
2021-04-01 11:00:47 上午 [Thread: serverthread0][ Class:io.metty.eventloop.NioWorkerEventLoop >> Method: io.metty.eventloop.NioWorkerEventLoop.registerChannelTask(NioWorkerEventLoop.java:63) ]
INFO:register  clientchannel
2021-04-01 11:03:59 上午 [Thread: workerthread0][ Class:io.metty.codec.ByteToMessageDecoder >> Method: io.metty.codec.ByteToMessageDecoder.channelRead(ByteToMessageDecoder.java:57) ]
INFO:decode error
2021-04-01 11:05:32 上午 [Thread: serverthread0][ Class:io.metty.eventloop.AbstractNioEventLoop >> Method: io.metty.eventloop.AbstractNioEventLoop.run(AbstractNioEventLoop.java:77) ]
INFO:thread:   serverthread0------start
2021-04-01 11:05:32 上午 [Thread: workerthread0][ Class:io.metty.eventloop.AbstractNioEventLoop >> Method: io.metty.eventloop.AbstractNioEventLoop.run(AbstractNioEventLoop.java:77) ]
INFO:thread:   workerthread0------start
2021-04-01 11:05:32 上午 [Thread: main][ Class:io.metty.codec.decoder.DelimiterBasedFrameDecoder >> Method: io.metty.codec.decoder.DelimiterBasedFrameDecoder.init(DelimiterBasedFrameDecoder.java:32) ]
INFO:init delimiters
2021-04-01 11:05:32 上午 [Thread: main][ Class:io.metty.eventloop.NioBossEventLoop >> Method: io.metty.eventloop.NioBossEventLoop.registerChannelTask(NioBossEventLoop.java:67) ]
INFO:register server channel
2021-04-01 11:05:34 上午 [Thread: workerthread0][ Class:io.metty.eventloop.AbstractNioEventLoop >> Method: io.metty.eventloop.AbstractNioEventLoop.run(AbstractNioEventLoop.java:77) ]
INFO:thread:   workerthread0------start
2021-04-01 11:05:34 上午 [Thread: main][ Class:io.metty.eventloop.NioWorkerEventLoop >> Method: io.metty.eventloop.NioWorkerEventLoop.registerChannelTask(NioWorkerEventLoop.java:63) ]
INFO:register  clientchannel
2021-04-01 11:05:35 上午 [Thread: workerthread0][ Class:io.metty.eventloop.NioWorkerEventLoop >> Method: io.metty.eventloop.NioWorkerEventLoop.process(NioWorkerEventLoop.java:50) ]
INFO:socketchannel connected
2021-04-01 11:05:35 上午 [Thread: serverthread0][ Class:io.metty.eventloop.NioBossEventLoop >> Method: io.metty.eventloop.NioBossEventLoop.process(NioBossEventLoop.java:53) ]
INFO:accpet a new socketchannel 
2021-04-01 11:05:35 上午 [Thread: serverthread0][ Class:io.metty.eventloop.NioWorkerEventLoop >> Method: io.metty.eventloop.NioWorkerEventLoop.registerChannelTask(NioWorkerEventLoop.java:63) ]
INFO:register  clientchannel
2021-04-01 11:05:35 上午 [Thread: workerthread0][ Class:io.metty.codec.ByteToMessageDecoder >> Method: io.metty.codec.ByteToMessageDecoder.channelRead(ByteToMessageDecoder.java:57) ]
INFO:decode error
2021-04-01 11:09:38 上午 [Thread: serverthread0][ Class:io.metty.eventloop.AbstractNioEventLoop >> Method: io.metty.eventloop.AbstractNioEventLoop.run(AbstractNioEventLoop.java:77) ]
INFO:thread:   serverthread0------start
2021-04-01 11:09:38 上午 [Thread: workerthread0][ Class:io.metty.eventloop.AbstractNioEventLoop >> Method: io.metty.eventloop.AbstractNioEventLoop.run(AbstractNioEventLoop.java:77) ]
INFO:thread:   workerthread0------start
2021-04-01 11:09:38 上午 [Thread: main][ Class:io.metty.codec.decoder.DelimiterBasedFrameDecoder >> Method: io.metty.codec.decoder.DelimiterBasedFrameDecoder.init(DelimiterBasedFrameDecoder.java:33) ]
INFO:init delimiters
2021-04-01 11:09:38 上午 [Thread: main][ Class:io.metty.eventloop.NioBossEventLoop >> Method: io.metty.eventloop.NioBossEventLoop.registerChannelTask(NioBossEventLoop.java:67) ]
INFO:register server channel
2021-04-01 11:09:41 上午 [Thread: workerthread0][ Class:io.metty.eventloop.AbstractNioEventLoop >> Method: io.metty.eventloop.AbstractNioEventLoop.run(AbstractNioEventLoop.java:77) ]
INFO:thread:   workerthread0------start
2021-04-01 11:09:41 上午 [Thread: main][ Class:io.metty.eventloop.NioWorkerEventLoop >> Method: io.metty.eventloop.NioWorkerEventLoop.registerChannelTask(NioWorkerEventLoop.java:63) ]
INFO:register  clientchannel
2021-04-01 11:09:41 上午 [Thread: workerthread0][ Class:io.metty.eventloop.NioWorkerEventLoop >> Method: io.metty.eventloop.NioWorkerEventLoop.process(NioWorkerEventLoop.java:50) ]
INFO:socketchannel connected
2021-04-01 11:09:41 上午 [Thread: serverthread0][ Class:io.metty.eventloop.NioBossEventLoop >> Method: io.metty.eventloop.NioBossEventLoop.process(NioBossEventLoop.java:53) ]
INFO:accpet a new socketchannel 
2021-04-01 11:09:41 上午 [Thread: serverthread0][ Class:io.metty.eventloop.NioWorkerEventLoop >> Method: io.metty.eventloop.NioWorkerEventLoop.registerChannelTask(NioWorkerEventLoop.java:63) ]
INFO:register  clientchannel
2021-04-01 11:09:41 上午 [Thread: workerthread0][ Class:io.metty.codec.ByteToMessageDecoder >> Method: io.metty.codec.ByteToMessageDecoder.channelRead(ByteToMessageDecoder.java:57) ]
INFO:decode error
2021-04-01 11:10:28 上午 [Thread: serverthread0][ Class:io.metty.eventloop.AbstractNioEventLoop >> Method: io.metty.eventloop.AbstractNioEventLoop.run(AbstractNioEventLoop.java:77) ]
INFO:thread:   serverthread0------start
2021-04-01 11:10:28 上午 [Thread: workerthread0][ Class:io.metty.eventloop.AbstractNioEventLoop >> Method: io.metty.eventloop.AbstractNioEventLoop.run(AbstractNioEventLoop.java:77) ]
INFO:thread:   workerthread0------start
2021-04-01 11:10:28 上午 [Thread: main][ Class:io.metty.codec.decoder.DelimiterBasedFrameDecoder >> Method: io.metty.codec.decoder.DelimiterBasedFrameDecoder.init(DelimiterBasedFrameDecoder.java:33) ]
INFO:init delimiters
2021-04-01 11:10:28 上午 [Thread: main][ Class:io.metty.eventloop.NioBossEventLoop >> Method: io.metty.eventloop.NioBossEventLoop.registerChannelTask(NioBossEventLoop.java:67) ]
INFO:register server channel
2021-04-01 11:10:36 上午 [Thread: serverthread0][ Class:io.metty.eventloop.AbstractNioEventLoop >> Method: io.metty.eventloop.AbstractNioEventLoop.run(AbstractNioEventLoop.java:77) ]
INFO:thread:   serverthread0------start
2021-04-01 11:10:36 上午 [Thread: workerthread0][ Class:io.metty.eventloop.AbstractNioEventLoop >> Method: io.metty.eventloop.AbstractNioEventLoop.run(AbstractNioEventLoop.java:77) ]
INFO:thread:   workerthread0------start
2021-04-01 11:10:36 上午 [Thread: main][ Class:io.metty.codec.decoder.DelimiterBasedFrameDecoder >> Method: io.metty.codec.decoder.DelimiterBasedFrameDecoder.init(DelimiterBasedFrameDecoder.java:33) ]
INFO:init delimiters
2021-04-01 11:10:36 上午 [Thread: main][ Class:io.metty.eventloop.NioBossEventLoop >> Method: io.metty.eventloop.NioBossEventLoop.registerChannelTask(NioBossEventLoop.java:67) ]
INFO:register server channel
2021-04-01 11:10:38 上午 [Thread: workerthread0][ Class:io.metty.eventloop.AbstractNioEventLoop >> Method: io.metty.eventloop.AbstractNioEventLoop.run(AbstractNioEventLoop.java:77) ]
INFO:thread:   workerthread0------start
2021-04-01 11:10:38 上午 [Thread: main][ Class:io.metty.eventloop.NioWorkerEventLoop >> Method: io.metty.eventloop.NioWorkerEventLoop.registerChannelTask(NioWorkerEventLoop.java:63) ]
INFO:register  clientchannel
2021-04-01 11:10:38 上午 [Thread: workerthread0][ Class:io.metty.eventloop.NioWorkerEventLoop >> Method: io.metty.eventloop.NioWorkerEventLoop.process(NioWorkerEventLoop.java:50) ]
INFO:socketchannel connected
2021-04-01 11:10:38 上午 [Thread: serverthread0][ Class:io.metty.eventloop.NioBossEventLoop >> Method: io.metty.eventloop.NioBossEventLoop.process(NioBossEventLoop.java:53) ]
INFO:accpet a new socketchannel 
2021-04-01 11:10:38 上午 [Thread: serverthread0][ Class:io.metty.eventloop.NioWorkerEventLoop >> Method: io.metty.eventloop.NioWorkerEventLoop.registerChannelTask(NioWorkerEventLoop.java:63) ]
INFO:register  clientchannel
2021-04-01 11:13:12 上午 [Thread: workerthread0][ Class:io.metty.codec.ByteToMessageDecoder >> Method: io.metty.codec.ByteToMessageDecoder.channelRead(ByteToMessageDecoder.java:57) ]
INFO:decode error
2021-04-01 11:15:38 上午 [Thread: serverthread0][ Class:io.metty.eventloop.AbstractNioEventLoop >> Method: io.metty.eventloop.AbstractNioEventLoop.run(AbstractNioEventLoop.java:77) ]
INFO:thread:   serverthread0------start
2021-04-01 11:15:38 上午 [Thread: workerthread0][ Class:io.metty.eventloop.AbstractNioEventLoop >> Method: io.metty.eventloop.AbstractNioEventLoop.run(AbstractNioEventLoop.java:77) ]
INFO:thread:   workerthread0------start
2021-04-01 11:15:38 上午 [Thread: main][ Class:io.metty.codec.decoder.DelimiterBasedFrameDecoder >> Method: io.metty.codec.decoder.DelimiterBasedFrameDecoder.init(DelimiterBasedFrameDecoder.java:33) ]
INFO:init delimiters
2021-04-01 11:15:38 上午 [Thread: main][ Class:io.metty.eventloop.NioBossEventLoop >> Method: io.metty.eventloop.NioBossEventLoop.registerChannelTask(NioBossEventLoop.java:67) ]
INFO:register server channel
2021-04-01 11:15:41 上午 [Thread: workerthread0][ Class:io.metty.eventloop.AbstractNioEventLoop >> Method: io.metty.eventloop.AbstractNioEventLoop.run(AbstractNioEventLoop.java:77) ]
INFO:thread:   workerthread0------start
2021-04-01 11:15:41 上午 [Thread: main][ Class:io.metty.eventloop.NioWorkerEventLoop >> Method: io.metty.eventloop.NioWorkerEventLoop.registerChannelTask(NioWorkerEventLoop.java:63) ]
INFO:register  clientchannel
2021-04-01 11:15:41 上午 [Thread: workerthread0][ Class:io.metty.eventloop.NioWorkerEventLoop >> Method: io.metty.eventloop.NioWorkerEventLoop.process(NioWorkerEventLoop.java:50) ]
INFO:socketchannel connected
2021-04-01 11:15:41 上午 [Thread: serverthread0][ Class:io.metty.eventloop.NioBossEventLoop >> Method: io.metty.eventloop.NioBossEventLoop.process(NioBossEventLoop.java:53) ]
INFO:accpet a new socketchannel 
2021-04-01 11:15:41 上午 [Thread: serverthread0][ Class:io.metty.eventloop.NioWorkerEventLoop >> Method: io.metty.eventloop.NioWorkerEventLoop.registerChannelTask(NioWorkerEventLoop.java:63) ]
INFO:register  clientchannel
2021-04-01 11:16:12 上午 [Thread: serverthread0][ Class:io.metty.eventloop.AbstractNioEventLoop >> Method: io.metty.eventloop.AbstractNioEventLoop.run(AbstractNioEventLoop.java:77) ]
INFO:thread:   serverthread0------start
2021-04-01 11:16:12 上午 [Thread: workerthread0][ Class:io.metty.eventloop.AbstractNioEventLoop >> Method: io.metty.eventloop.AbstractNioEventLoop.run(AbstractNioEventLoop.java:77) ]
INFO:thread:   workerthread0------start
2021-04-01 11:16:12 上午 [Thread: main][ Class:io.metty.codec.decoder.DelimiterBasedFrameDecoder >> Method: io.metty.codec.decoder.DelimiterBasedFrameDecoder.init(DelimiterBasedFrameDecoder.java:33) ]
INFO:init delimiters
2021-04-01 11:16:12 上午 [Thread: main][ Class:io.metty.eventloop.NioBossEventLoop >> Method: io.metty.eventloop.NioBossEventLoop.registerChannelTask(NioBossEventLoop.java:67) ]
INFO:register server channel
2021-04-01 11:16:14 上午 [Thread: workerthread0][ Class:io.metty.eventloop.AbstractNioEventLoop >> Method: io.metty.eventloop.AbstractNioEventLoop.run(AbstractNioEventLoop.java:77) ]
INFO:thread:   workerthread0------start
2021-04-01 11:16:14 上午 [Thread: main][ Class:io.metty.eventloop.NioWorkerEventLoop >> Method: io.metty.eventloop.NioWorkerEventLoop.registerChannelTask(NioWorkerEventLoop.java:63) ]
INFO:register  clientchannel
2021-04-01 11:16:14 上午 [Thread: serverthread0][ Class:io.metty.eventloop.NioBossEventLoop >> Method: io.metty.eventloop.NioBossEventLoop.process(NioBossEventLoop.java:53) ]
INFO:accpet a new socketchannel 
2021-04-01 11:16:14 上午 [Thread: serverthread0][ Class:io.metty.eventloop.NioWorkerEventLoop >> Method: io.metty.eventloop.NioWorkerEventLoop.registerChannelTask(NioWorkerEventLoop.java:63) ]
INFO:register  clientchannel
2021-04-01 11:16:14 上午 [Thread: workerthread0][ Class:io.metty.eventloop.NioWorkerEventLoop >> Method: io.metty.eventloop.NioWorkerEventLoop.process(NioWorkerEventLoop.java:50) ]
INFO:socketchannel connected
2021-04-01 11:25:03 上午 [Thread: serverthread0][ Class:io.metty.eventloop.AbstractNioEventLoop >> Method: io.metty.eventloop.AbstractNioEventLoop.run(AbstractNioEventLoop.java:77) ]
INFO:thread:   serverthread0------start
2021-04-01 11:25:03 上午 [Thread: workerthread0][ Class:io.metty.eventloop.AbstractNioEventLoop >> Method: io.metty.eventloop.AbstractNioEventLoop.run(AbstractNioEventLoop.java:77) ]
INFO:thread:   workerthread0------start
2021-04-01 11:25:03 上午 [Thread: main][ Class:io.metty.codec.decoder.DelimiterBasedFrameDecoder >> Method: io.metty.codec.decoder.DelimiterBasedFrameDecoder.init(DelimiterBasedFrameDecoder.java:33) ]
INFO:init delimiters
2021-04-01 11:25:03 上午 [Thread: main][ Class:io.metty.eventloop.NioBossEventLoop >> Method: io.metty.eventloop.NioBossEventLoop.registerChannelTask(NioBossEventLoop.java:67) ]
INFO:register server channel
2021-04-01 11:25:05 上午 [Thread: workerthread0][ Class:io.metty.eventloop.AbstractNioEventLoop >> Method: io.metty.eventloop.AbstractNioEventLoop.run(AbstractNioEventLoop.java:77) ]
INFO:thread:   workerthread0------start
2021-04-01 11:25:05 上午 [Thread: main][ Class:io.metty.eventloop.NioWorkerEventLoop >> Method: io.metty.eventloop.NioWorkerEventLoop.registerChannelTask(NioWorkerEventLoop.java:63) ]
INFO:register  clientchannel
2021-04-01 11:25:05 上午 [Thread: workerthread0][ Class:io.metty.eventloop.NioWorkerEventLoop >> Method: io.metty.eventloop.NioWorkerEventLoop.process(NioWorkerEventLoop.java:50) ]
INFO:socketchannel connected
2021-04-01 11:25:05 上午 [Thread: serverthread0][ Class:io.metty.eventloop.NioBossEventLoop >> Method: io.metty.eventloop.NioBossEventLoop.process(NioBossEventLoop.java:53) ]
INFO:accpet a new socketchannel 
2021-04-01 11:25:05 上午 [Thread: serverthread0][ Class:io.metty.eventloop.NioWorkerEventLoop >> Method: io.metty.eventloop.NioWorkerEventLoop.registerChannelTask(NioWorkerEventLoop.java:63) ]
INFO:register  clientchannel
2021-04-01 11:25:05 上午 [Thread: workerthread0][ Class:io.metty.codec.decoder.DelimiterBasedFrameDecoder >> Method: io.metty.codec.decoder.DelimiterBasedFrameDecoder.decode(DelimiterBasedFrameDecoder.java:76) ]
WARN:minFameLength lager than maxFrameLength
2021-04-01 11:26:11 上午 [Thread: serverthread0][ Class:io.metty.eventloop.AbstractNioEventLoop >> Method: io.metty.eventloop.AbstractNioEventLoop.run(AbstractNioEventLoop.java:77) ]
INFO:thread:   serverthread0------start
2021-04-01 11:26:11 上午 [Thread: workerthread0][ Class:io.metty.eventloop.AbstractNioEventLoop >> Method: io.metty.eventloop.AbstractNioEventLoop.run(AbstractNioEventLoop.java:77) ]
INFO:thread:   workerthread0------start
2021-04-01 11:26:11 上午 [Thread: main][ Class:io.metty.codec.decoder.DelimiterBasedFrameDecoder >> Method: io.metty.codec.decoder.DelimiterBasedFrameDecoder.init(DelimiterBasedFrameDecoder.java:33) ]
INFO:init delimiters
2021-04-01 11:26:11 上午 [Thread: main][ Class:io.metty.eventloop.NioBossEventLoop >> Method: io.metty.eventloop.NioBossEventLoop.registerChannelTask(NioBossEventLoop.java:67) ]
INFO:register server channel
2021-04-01 11:26:14 上午 [Thread: workerthread0][ Class:io.metty.eventloop.AbstractNioEventLoop >> Method: io.metty.eventloop.AbstractNioEventLoop.run(AbstractNioEventLoop.java:77) ]
INFO:thread:   workerthread0------start
2021-04-01 11:26:14 上午 [Thread: main][ Class:io.metty.eventloop.NioWorkerEventLoop >> Method: io.metty.eventloop.NioWorkerEventLoop.registerChannelTask(NioWorkerEventLoop.java:63) ]
INFO:register  clientchannel
2021-04-01 11:26:14 上午 [Thread: serverthread0][ Class:io.metty.eventloop.NioBossEventLoop >> Method: io.metty.eventloop.NioBossEventLoop.process(NioBossEventLoop.java:53) ]
INFO:accpet a new socketchannel 
2021-04-01 11:26:14 上午 [Thread: serverthread0][ Class:io.metty.eventloop.NioWorkerEventLoop >> Method: io.metty.eventloop.NioWorkerEventLoop.registerChannelTask(NioWorkerEventLoop.java:63) ]
INFO:register  clientchannel
2021-04-01 11:26:14 上午 [Thread: workerthread0][ Class:io.metty.eventloop.NioWorkerEventLoop >> Method: io.metty.eventloop.NioWorkerEventLoop.process(NioWorkerEventLoop.java:50) ]
INFO:socketchannel connected
2021-04-01 11:26:51 上午 [Thread: workerthread0][ Class:io.metty.codec.decoder.DelimiterBasedFrameDecoder >> Method: io.metty.codec.decoder.DelimiterBasedFrameDecoder.decode(DelimiterBasedFrameDecoder.java:76) ]
WARN:minFameLength lager than maxFrameLength
2021-04-01 11:26:57 上午 [Thread: serverthread0][ Class:io.metty.eventloop.AbstractNioEventLoop >> Method: io.metty.eventloop.AbstractNioEventLoop.run(AbstractNioEventLoop.java:77) ]
INFO:thread:   serverthread0------start
2021-04-01 11:26:57 上午 [Thread: workerthread0][ Class:io.metty.eventloop.AbstractNioEventLoop >> Method: io.metty.eventloop.AbstractNioEventLoop.run(AbstractNioEventLoop.java:77) ]
INFO:thread:   workerthread0------start
2021-04-01 11:26:58 上午 [Thread: main][ Class:io.metty.codec.decoder.DelimiterBasedFrameDecoder >> Method: io.metty.codec.decoder.DelimiterBasedFrameDecoder.init(DelimiterBasedFrameDecoder.java:33) ]
INFO:init delimiters
2021-04-01 11:26:58 上午 [Thread: main][ Class:io.metty.eventloop.NioBossEventLoop >> Method: io.metty.eventloop.NioBossEventLoop.registerChannelTask(NioBossEventLoop.java:67) ]
INFO:register server channel
2021-04-01 11:27:00 上午 [Thread: workerthread0][ Class:io.metty.eventloop.AbstractNioEventLoop >> Method: io.metty.eventloop.AbstractNioEventLoop.run(AbstractNioEventLoop.java:77) ]
INFO:thread:   workerthread0------start
2021-04-01 11:27:00 上午 [Thread: main][ Class:io.metty.eventloop.NioWorkerEventLoop >> Method: io.metty.eventloop.NioWorkerEventLoop.registerChannelTask(NioWorkerEventLoop.java:63) ]
INFO:register  clientchannel
2021-04-01 11:27:00 上午 [Thread: serverthread0][ Class:io.metty.eventloop.NioBossEventLoop >> Method: io.metty.eventloop.NioBossEventLoop.process(NioBossEventLoop.java:53) ]
INFO:accpet a new socketchannel 
2021-04-01 11:27:00 上午 [Thread: serverthread0][ Class:io.metty.eventloop.NioWorkerEventLoop >> Method: io.metty.eventloop.NioWorkerEventLoop.registerChannelTask(NioWorkerEventLoop.java:63) ]
INFO:register  clientchannel
2021-04-01 11:27:00 上午 [Thread: workerthread0][ Class:io.metty.eventloop.NioWorkerEventLoop >> Method: io.metty.eventloop.NioWorkerEventLoop.process(NioWorkerEventLoop.java:50) ]
INFO:socketchannel connected
2021-04-01 11:27:49 上午 [Thread: workerthread0][ Class:io.metty.codec.decoder.DelimiterBasedFrameDecoder >> Method: io.metty.codec.decoder.DelimiterBasedFrameDecoder.decode(DelimiterBasedFrameDecoder.java:76) ]
WARN:minFameLength lager than maxFrameLength
2021-04-01 11:29:13 上午 [Thread: serverthread0][ Class:io.metty.eventloop.AbstractNioEventLoop >> Method: io.metty.eventloop.AbstractNioEventLoop.run(AbstractNioEventLoop.java:77) ]
INFO:thread:   serverthread0------start
2021-04-01 11:29:13 上午 [Thread: workerthread0][ Class:io.metty.eventloop.AbstractNioEventLoop >> Method: io.metty.eventloop.AbstractNioEventLoop.run(AbstractNioEventLoop.java:77) ]
INFO:thread:   workerthread0------start
2021-04-01 11:29:13 上午 [Thread: main][ Class:io.metty.codec.decoder.DelimiterBasedFrameDecoder >> Method: io.metty.codec.decoder.DelimiterBasedFrameDecoder.init(DelimiterBasedFrameDecoder.java:33) ]
INFO:init delimiters
2021-04-01 11:29:13 上午 [Thread: main][ Class:io.metty.eventloop.NioBossEventLoop >> Method: io.metty.eventloop.NioBossEventLoop.registerChannelTask(NioBossEventLoop.java:67) ]
INFO:register server channel
2021-04-01 11:29:14 上午 [Thread: workerthread0][ Class:io.metty.eventloop.AbstractNioEventLoop >> Method: io.metty.eventloop.AbstractNioEventLoop.run(AbstractNioEventLoop.java:77) ]
INFO:thread:   workerthread0------start
2021-04-01 11:29:14 上午 [Thread: main][ Class:io.metty.eventloop.NioWorkerEventLoop >> Method: io.metty.eventloop.NioWorkerEventLoop.registerChannelTask(NioWorkerEventLoop.java:63) ]
INFO:register  clientchannel
2021-04-01 11:29:14 上午 [Thread: workerthread0][ Class:io.metty.eventloop.NioWorkerEventLoop >> Method: io.metty.eventloop.NioWorkerEventLoop.process(NioWorkerEventLoop.java:50) ]
INFO:socketchannel connected
2021-04-01 11:29:14 上午 [Thread: serverthread0][ Class:io.metty.eventloop.NioBossEventLoop >> Method: io.metty.eventloop.NioBossEventLoop.process(NioBossEventLoop.java:53) ]
INFO:accpet a new socketchannel 
2021-04-01 11:29:14 上午 [Thread: serverthread0][ Class:io.metty.eventloop.NioWorkerEventLoop >> Method: io.metty.eventloop.NioWorkerEventLoop.registerChannelTask(NioWorkerEventLoop.java:63) ]
INFO:register  clientchannel
2021-04-01 11:33:09 上午 [Thread: workerthread0][ Class:io.metty.codec.decoder.DelimiterBasedFrameDecoder >> Method: io.metty.codec.decoder.DelimiterBasedFrameDecoder.decode(DelimiterBasedFrameDecoder.java:76) ]
WARN:minFameLength lager than maxFrameLength
2021-04-01 11:33:31 上午 [Thread: serverthread0][ Class:io.metty.eventloop.AbstractNioEventLoop >> Method: io.metty.eventloop.AbstractNioEventLoop.run(AbstractNioEventLoop.java:77) ]
INFO:thread:   serverthread0------start
2021-04-01 11:33:31 上午 [Thread: workerthread0][ Class:io.metty.eventloop.AbstractNioEventLoop >> Method: io.metty.eventloop.AbstractNioEventLoop.run(AbstractNioEventLoop.java:77) ]
INFO:thread:   workerthread0------start
2021-04-01 11:33:31 上午 [Thread: main][ Class:io.metty.codec.decoder.DelimiterBasedFrameDecoder >> Method: io.metty.codec.decoder.DelimiterBasedFrameDecoder.init(DelimiterBasedFrameDecoder.java:33) ]
INFO:init delimiters
2021-04-01 11:33:31 上午 [Thread: main][ Class:io.metty.eventloop.NioBossEventLoop >> Method: io.metty.eventloop.NioBossEventLoop.registerChannelTask(NioBossEventLoop.java:67) ]
INFO:register server channel
2021-04-01 11:33:33 上午 [Thread: workerthread0][ Class:io.metty.eventloop.AbstractNioEventLoop >> Method: io.metty.eventloop.AbstractNioEventLoop.run(AbstractNioEventLoop.java:77) ]
INFO:thread:   workerthread0------start
2021-04-01 11:33:33 上午 [Thread: main][ Class:io.metty.eventloop.NioWorkerEventLoop >> Method: io.metty.eventloop.NioWorkerEventLoop.registerChannelTask(NioWorkerEventLoop.java:63) ]
INFO:register  clientchannel
2021-04-01 11:33:33 上午 [Thread: workerthread0][ Class:io.metty.eventloop.NioWorkerEventLoop >> Method: io.metty.eventloop.NioWorkerEventLoop.process(NioWorkerEventLoop.java:50) ]
INFO:socketchannel connected
2021-04-01 11:33:33 上午 [Thread: serverthread0][ Class:io.metty.eventloop.NioBossEventLoop >> Method: io.metty.eventloop.NioBossEventLoop.process(NioBossEventLoop.java:53) ]
INFO:accpet a new socketchannel 
2021-04-01 11:33:33 上午 [Thread: serverthread0][ Class:io.metty.eventloop.NioWorkerEventLoop >> Method: io.metty.eventloop.NioWorkerEventLoop.registerChannelTask(NioWorkerEventLoop.java:63) ]
INFO:register  clientchannel
2021-04-01 11:34:28 上午 [Thread: workerthread0][ Class:io.metty.codec.decoder.DelimiterBasedFrameDecoder >> Method: io.metty.codec.decoder.DelimiterBasedFrameDecoder.decode(DelimiterBasedFrameDecoder.java:76) ]
WARN:minFameLength lager than maxFrameLength
2021-04-01 11:35:16 上午 [Thread: serverthread0][ Class:io.metty.eventloop.AbstractNioEventLoop >> Method: io.metty.eventloop.AbstractNioEventLoop.run(AbstractNioEventLoop.java:77) ]
INFO:thread:   serverthread0------start
2021-04-01 11:35:16 上午 [Thread: workerthread0][ Class:io.metty.eventloop.AbstractNioEventLoop >> Method: io.metty.eventloop.AbstractNioEventLoop.run(AbstractNioEventLoop.java:77) ]
INFO:thread:   workerthread0------start
2021-04-01 11:35:16 上午 [Thread: main][ Class:io.metty.codec.decoder.DelimiterBasedFrameDecoder >> Method: io.metty.codec.decoder.DelimiterBasedFrameDecoder.init(DelimiterBasedFrameDecoder.java:33) ]
INFO:init delimiters
2021-04-01 11:35:16 上午 [Thread: main][ Class:io.metty.eventloop.NioBossEventLoop >> Method: io.metty.eventloop.NioBossEventLoop.registerChannelTask(NioBossEventLoop.java:67) ]
INFO:register server channel
2021-04-01 11:35:20 上午 [Thread: serverthread0][ Class:io.metty.eventloop.AbstractNioEventLoop >> Method: io.metty.eventloop.AbstractNioEventLoop.run(AbstractNioEventLoop.java:77) ]
INFO:thread:   serverthread0------start
2021-04-01 11:35:20 上午 [Thread: workerthread0][ Class:io.metty.eventloop.AbstractNioEventLoop >> Method: io.metty.eventloop.AbstractNioEventLoop.run(AbstractNioEventLoop.java:77) ]
INFO:thread:   workerthread0------start
2021-04-01 11:35:20 上午 [Thread: main][ Class:io.metty.codec.decoder.DelimiterBasedFrameDecoder >> Method: io.metty.codec.decoder.DelimiterBasedFrameDecoder.init(DelimiterBasedFrameDecoder.java:33) ]
INFO:init delimiters
2021-04-01 11:35:20 上午 [Thread: main][ Class:io.metty.eventloop.NioBossEventLoop >> Method: io.metty.eventloop.NioBossEventLoop.registerChannelTask(NioBossEventLoop.java:67) ]
INFO:register server channel
2021-04-01 11:35:22 上午 [Thread: workerthread0][ Class:io.metty.eventloop.AbstractNioEventLoop >> Method: io.metty.eventloop.AbstractNioEventLoop.run(AbstractNioEventLoop.java:77) ]
INFO:thread:   workerthread0------start
2021-04-01 11:35:22 上午 [Thread: serverthread0][ Class:io.metty.eventloop.NioBossEventLoop >> Method: io.metty.eventloop.NioBossEventLoop.process(NioBossEventLoop.java:53) ]
INFO:accpet a new socketchannel 
2021-04-01 11:35:22 上午 [Thread: serverthread0][ Class:io.metty.eventloop.NioWorkerEventLoop >> Method: io.metty.eventloop.NioWorkerEventLoop.registerChannelTask(NioWorkerEventLoop.java:63) ]
INFO:register  clientchannel
2021-04-01 11:35:22 上午 [Thread: main][ Class:io.metty.eventloop.NioWorkerEventLoop >> Method: io.metty.eventloop.NioWorkerEventLoop.registerChannelTask(NioWorkerEventLoop.java:63) ]
INFO:register  clientchannel
2021-04-01 11:35:22 上午 [Thread: workerthread0][ Class:io.metty.eventloop.NioWorkerEventLoop >> Method: io.metty.eventloop.NioWorkerEventLoop.process(NioWorkerEventLoop.java:50) ]
INFO:socketchannel connected
2021-04-01 11:36:17 上午 [Thread: serverthread0][ Class:io.metty.eventloop.AbstractNioEventLoop >> Method: io.metty.eventloop.AbstractNioEventLoop.run(AbstractNioEventLoop.java:77) ]
INFO:thread:   serverthread0------start
2021-04-01 11:36:17 上午 [Thread: workerthread0][ Class:io.metty.eventloop.AbstractNioEventLoop >> Method: io.metty.eventloop.AbstractNioEventLoop.run(AbstractNioEventLoop.java:77) ]
INFO:thread:   workerthread0------start
2021-04-01 11:36:17 上午 [Thread: main][ Class:io.metty.codec.decoder.DelimiterBasedFrameDecoder >> Method: io.metty.codec.decoder.DelimiterBasedFrameDecoder.init(DelimiterBasedFrameDecoder.java:33) ]
INFO:init delimiters
2021-04-01 11:36:17 上午 [Thread: main][ Class:io.metty.eventloop.NioBossEventLoop >> Method: io.metty.eventloop.NioBossEventLoop.registerChannelTask(NioBossEventLoop.java:67) ]
INFO:register server channel
2021-04-01 11:36:24 上午 [Thread: serverthread0][ Class:io.metty.eventloop.AbstractNioEventLoop >> Method: io.metty.eventloop.AbstractNioEventLoop.run(AbstractNioEventLoop.java:77) ]
INFO:thread:   serverthread0------start
2021-04-01 11:36:24 上午 [Thread: workerthread0][ Class:io.metty.eventloop.AbstractNioEventLoop >> Method: io.metty.eventloop.AbstractNioEventLoop.run(AbstractNioEventLoop.java:77) ]
INFO:thread:   workerthread0------start
2021-04-01 11:36:24 上午 [Thread: main][ Class:io.metty.codec.decoder.DelimiterBasedFrameDecoder >> Method: io.metty.codec.decoder.DelimiterBasedFrameDecoder.init(DelimiterBasedFrameDecoder.java:33) ]
INFO:init delimiters
2021-04-01 11:36:25 上午 [Thread: main][ Class:io.metty.eventloop.NioBossEventLoop >> Method: io.metty.eventloop.NioBossEventLoop.registerChannelTask(NioBossEventLoop.java:67) ]
INFO:register server channel
2021-04-01 11:36:27 上午 [Thread: workerthread0][ Class:io.metty.eventloop.AbstractNioEventLoop >> Method: io.metty.eventloop.AbstractNioEventLoop.run(AbstractNioEventLoop.java:77) ]
INFO:thread:   workerthread0------start
2021-04-01 11:36:27 上午 [Thread: main][ Class:io.metty.eventloop.NioWorkerEventLoop >> Method: io.metty.eventloop.NioWorkerEventLoop.registerChannelTask(NioWorkerEventLoop.java:63) ]
INFO:register  clientchannel
2021-04-01 11:36:27 上午 [Thread: workerthread0][ Class:io.metty.eventloop.NioWorkerEventLoop >> Method: io.metty.eventloop.NioWorkerEventLoop.process(NioWorkerEventLoop.java:50) ]
INFO:socketchannel connected
2021-04-01 11:36:27 上午 [Thread: serverthread0][ Class:io.metty.eventloop.NioBossEventLoop >> Method: io.metty.eventloop.NioBossEventLoop.process(NioBossEventLoop.java:53) ]
INFO:accpet a new socketchannel 
2021-04-01 11:36:27 上午 [Thread: serverthread0][ Class:io.metty.eventloop.NioWorkerEventLoop >> Method: io.metty.eventloop.NioWorkerEventLoop.registerChannelTask(NioWorkerEventLoop.java:63) ]
INFO:register  clientchannel
2021-04-01 11:48:23 上午 [Thread: serverthread0][ Class:io.metty.eventloop.AbstractNioEventLoop >> Method: io.metty.eventloop.AbstractNioEventLoop.run(AbstractNioEventLoop.java:77) ]
INFO:thread:   serverthread0------start
2021-04-01 11:48:23 上午 [Thread: workerthread0][ Class:io.metty.eventloop.AbstractNioEventLoop >> Method: io.metty.eventloop.AbstractNioEventLoop.run(AbstractNioEventLoop.java:77) ]
INFO:thread:   workerthread0------start
2021-04-01 11:48:23 上午 [Thread: main][ Class:io.metty.codec.ByteToMessageDecoder >> Method: io.metty.codec.ByteToMessageDecoder.init(ByteToMessageDecoder.java:120) ]
INFO:init delimiters
2021-04-01 11:48:23 上午 [Thread: main][ Class:io.metty.eventloop.NioBossEventLoop >> Method: io.metty.eventloop.NioBossEventLoop.registerChannelTask(NioBossEventLoop.java:67) ]
INFO:register server channel
2021-04-01 11:48:25 上午 [Thread: workerthread0][ Class:io.metty.eventloop.AbstractNioEventLoop >> Method: io.metty.eventloop.AbstractNioEventLoop.run(AbstractNioEventLoop.java:77) ]
INFO:thread:   workerthread0------start
2021-04-01 11:48:25 上午 [Thread: main][ Class:io.metty.eventloop.NioWorkerEventLoop >> Method: io.metty.eventloop.NioWorkerEventLoop.registerChannelTask(NioWorkerEventLoop.java:63) ]
INFO:register  clientchannel
2021-04-01 11:48:25 上午 [Thread: workerthread0][ Class:io.metty.eventloop.NioWorkerEventLoop >> Method: io.metty.eventloop.NioWorkerEventLoop.process(NioWorkerEventLoop.java:50) ]
INFO:socketchannel connected
2021-04-01 11:48:25 上午 [Thread: serverthread0][ Class:io.metty.eventloop.NioBossEventLoop >> Method: io.metty.eventloop.NioBossEventLoop.process(NioBossEventLoop.java:53) ]
INFO:accpet a new socketchannel 
2021-04-01 11:48:25 上午 [Thread: serverthread0][ Class:io.metty.eventloop.NioWorkerEventLoop >> Method: io.metty.eventloop.NioWorkerEventLoop.registerChannelTask(NioWorkerEventLoop.java:63) ]
INFO:register  clientchannel
