2021-03-31 15:28:06 下午 [Thread: WorkerThead-----0][ Class:io.metty.pipeline.DefaultChannelPipeline >> Method: io.metty.pipeline.DefaultChannelPipeline.onUnhandledInboundChannelActive(DefaultChannelPipeline.java:267) ]
INFO:clent is connecting
2021-03-31 15:28:06 下午 [Thread: WorkerThead-----0][ Class:io.metty.pipeline.DefaultChannelPipeline >> Method: io.metty.pipeline.DefaultChannelPipeline.onUnhandledInboundMessage(DefaultChannelPipeline.java:242) ]
INFO:received
2021-03-31 15:28:06 下午 [Thread: WorkerThead-----0][ Class:io.metty.pipeline.DefaultChannelPipeline >> Method: io.metty.pipeline.DefaultChannelPipeline.onUnhandledInboundMessage(DefaultChannelPipeline.java:251) ]
INFO:connected
2021-03-31 15:38:19 下午 [Thread: ServerThread-----0][ Class:io.metty.eventloop.AbstractNioEventLoop >> Method: io.metty.eventloop.AbstractNioEventLoop.run(AbstractNioEventLoop.java:77) ]
INFO:thread:   ServerThread-----0------start
2021-03-31 15:38:19 下午 [Thread: WorkerThead-----0][ Class:io.metty.eventloop.AbstractNioEventLoop >> Method: io.metty.eventloop.AbstractNioEventLoop.run(AbstractNioEventLoop.java:77) ]
INFO:thread:   WorkerThead-----0------start
2021-03-31 15:38:19 下午 [Thread: main][ Class:io.metty.eventloop.NioBossEventLoop >> Method: io.metty.eventloop.NioBossEventLoop.registerChannelTask(NioBossEventLoop.java:67) ]
INFO:register server channel
2021-03-31 15:38:21 下午 [Thread: WorkerThead-----0][ Class:io.metty.eventloop.AbstractNioEventLoop >> Method: io.metty.eventloop.AbstractNioEventLoop.run(AbstractNioEventLoop.java:77) ]
INFO:thread:   WorkerThead-----0------start
2021-03-31 15:38:21 下午 [Thread: main][ Class:io.metty.eventloop.NioWorkerEventLoop >> Method: io.metty.eventloop.NioWorkerEventLoop.registerChannelTask(NioWorkerEventLoop.java:63) ]
INFO:register  clientchannel
2021-03-31 15:38:21 下午 [Thread: WorkerThead-----0][ Class:io.metty.eventloop.NioWorkerEventLoop >> Method: io.metty.eventloop.NioWorkerEventLoop.process(NioWorkerEventLoop.java:50) ]
INFO:socketchannel connected
2021-03-31 15:38:21 下午 [Thread: ServerThread-----0][ Class:io.metty.eventloop.NioBossEventLoop >> Method: io.metty.eventloop.NioBossEventLoop.process(NioBossEventLoop.java:53) ]
INFO:accpet a new socketchannel 
2021-03-31 15:38:21 下午 [Thread: ServerThread-----0][ Class:io.metty.eventloop.NioWorkerEventLoop >> Method: io.metty.eventloop.NioWorkerEventLoop.registerChannelTask(NioWorkerEventLoop.java:63) ]
INFO:register  clientchannel
2021-03-31 15:38:21 下午 [Thread: WorkerThead-----0][ Class:io.metty.pipeline.DefaultChannelPipeline >> Method: io.metty.pipeline.DefaultChannelPipeline.onUnhandledInboundChannelActive(DefaultChannelPipeline.java:267) ]
INFO:clent is connecting
2021-03-31 15:38:21 下午 [Thread: WorkerThead-----0][ Class:io.metty.pipeline.DefaultChannelPipeline >> Method: io.metty.pipeline.DefaultChannelPipeline.onUnhandledInboundMessage(DefaultChannelPipeline.java:242) ]
INFO:received
2021-03-31 15:38:21 下午 [Thread: WorkerThead-----0][ Class:io.metty.pipeline.DefaultChannelPipeline >> Method: io.metty.pipeline.DefaultChannelPipeline.onUnhandledInboundMessage(DefaultChannelPipeline.java:251) ]
INFO:connected
2021-03-31 21:09:48 下午 [Thread: serverthread0][ Class:io.metty.eventloop.AbstractNioEventLoop >> Method: io.metty.eventloop.AbstractNioEventLoop.run(AbstractNioEventLoop.java:77) ]
INFO:thread:   serverthread0------start
2021-03-31 21:09:48 下午 [Thread: workerthread0][ Class:io.metty.eventloop.AbstractNioEventLoop >> Method: io.metty.eventloop.AbstractNioEventLoop.run(AbstractNioEventLoop.java:77) ]
INFO:thread:   workerthread0------start
2021-03-31 21:09:48 下午 [Thread: main][ Class:io.metty.codec.decoder.DelimiterBasedFrameDecoder >> Method: io.metty.codec.decoder.DelimiterBasedFrameDecoder.init(DelimiterBasedFrameDecoder.java:32) ]
INFO:init delimiters
2021-03-31 21:09:48 下午 [Thread: main][ Class:io.metty.eventloop.NioBossEventLoop >> Method: io.metty.eventloop.NioBossEventLoop.registerChannelTask(NioBossEventLoop.java:67) ]
INFO:register server channel
2021-03-31 21:10:02 下午 [Thread: workerthread0][ Class:io.metty.eventloop.AbstractNioEventLoop >> Method: io.metty.eventloop.AbstractNioEventLoop.run(AbstractNioEventLoop.java:77) ]
INFO:thread:   workerthread0------start
2021-03-31 21:10:02 下午 [Thread: main][ Class:io.metty.eventloop.NioWorkerEventLoop >> Method: io.metty.eventloop.NioWorkerEventLoop.registerChannelTask(NioWorkerEventLoop.java:63) ]
INFO:register  clientchannel
2021-03-31 21:10:02 下午 [Thread: workerthread0][ Class:io.metty.eventloop.NioWorkerEventLoop >> Method: io.metty.eventloop.NioWorkerEventLoop.process(NioWorkerEventLoop.java:50) ]
INFO:socketchannel connected
2021-03-31 21:10:02 下午 [Thread: serverthread0][ Class:io.metty.eventloop.NioBossEventLoop >> Method: io.metty.eventloop.NioBossEventLoop.process(NioBossEventLoop.java:53) ]
INFO:accpet a new socketchannel 
2021-03-31 21:10:02 下午 [Thread: serverthread0][ Class:io.metty.eventloop.NioWorkerEventLoop >> Method: io.metty.eventloop.NioWorkerEventLoop.registerChannelTask(NioWorkerEventLoop.java:63) ]
INFO:register  clientchannel
2021-03-31 21:10:02 下午 [Thread: workerthread0][ Class:io.metty.pipeline.DefaultChannelPipeline >> Method: io.metty.pipeline.DefaultChannelPipeline.onUnhandledInboundChannelActive(DefaultChannelPipeline.java:267) ]
INFO:clent is connecting
2021-03-31 21:13:53 下午 [Thread: serverthread0][ Class:io.metty.eventloop.AbstractNioEventLoop >> Method: io.metty.eventloop.AbstractNioEventLoop.run(AbstractNioEventLoop.java:77) ]
INFO:thread:   serverthread0------start
2021-03-31 21:13:53 下午 [Thread: workerthread0][ Class:io.metty.eventloop.AbstractNioEventLoop >> Method: io.metty.eventloop.AbstractNioEventLoop.run(AbstractNioEventLoop.java:77) ]
INFO:thread:   workerthread0------start
2021-03-31 21:13:53 下午 [Thread: main][ Class:io.metty.codec.decoder.DelimiterBasedFrameDecoder >> Method: io.metty.codec.decoder.DelimiterBasedFrameDecoder.init(DelimiterBasedFrameDecoder.java:32) ]
INFO:init delimiters
2021-03-31 21:13:53 下午 [Thread: main][ Class:io.metty.eventloop.NioBossEventLoop >> Method: io.metty.eventloop.NioBossEventLoop.registerChannelTask(NioBossEventLoop.java:67) ]
INFO:register server channel
2021-03-31 21:13:56 下午 [Thread: workerthread0][ Class:io.metty.eventloop.AbstractNioEventLoop >> Method: io.metty.eventloop.AbstractNioEventLoop.run(AbstractNioEventLoop.java:77) ]
INFO:thread:   workerthread0------start
2021-03-31 21:13:56 下午 [Thread: main][ Class:io.metty.eventloop.NioWorkerEventLoop >> Method: io.metty.eventloop.NioWorkerEventLoop.registerChannelTask(NioWorkerEventLoop.java:63) ]
INFO:register  clientchannel
2021-03-31 21:13:56 下午 [Thread: workerthread0][ Class:io.metty.eventloop.NioWorkerEventLoop >> Method: io.metty.eventloop.NioWorkerEventLoop.process(NioWorkerEventLoop.java:50) ]
INFO:socketchannel connected
2021-03-31 21:13:56 下午 [Thread: serverthread0][ Class:io.metty.eventloop.NioBossEventLoop >> Method: io.metty.eventloop.NioBossEventLoop.process(NioBossEventLoop.java:53) ]
INFO:accpet a new socketchannel 
2021-03-31 21:13:56 下午 [Thread: serverthread0][ Class:io.metty.eventloop.NioWorkerEventLoop >> Method: io.metty.eventloop.NioWorkerEventLoop.registerChannelTask(NioWorkerEventLoop.java:63) ]
INFO:register  clientchannel
2021-03-31 21:13:56 下午 [Thread: workerthread0][ Class:io.metty.pipeline.DefaultChannelPipeline >> Method: io.metty.pipeline.DefaultChannelPipeline.onUnhandledInboundChannelActive(DefaultChannelPipeline.java:267) ]
INFO:clent is connecting
2021-03-31 21:14:57 下午 [Thread: serverthread0][ Class:io.metty.eventloop.AbstractNioEventLoop >> Method: io.metty.eventloop.AbstractNioEventLoop.run(AbstractNioEventLoop.java:77) ]
INFO:thread:   serverthread0------start
2021-03-31 21:14:57 下午 [Thread: workerthread0][ Class:io.metty.eventloop.AbstractNioEventLoop >> Method: io.metty.eventloop.AbstractNioEventLoop.run(AbstractNioEventLoop.java:77) ]
INFO:thread:   workerthread0------start
2021-03-31 21:14:57 下午 [Thread: main][ Class:io.metty.codec.decoder.DelimiterBasedFrameDecoder >> Method: io.metty.codec.decoder.DelimiterBasedFrameDecoder.init(DelimiterBasedFrameDecoder.java:32) ]
INFO:init delimiters
2021-03-31 21:14:57 下午 [Thread: main][ Class:io.metty.eventloop.NioBossEventLoop >> Method: io.metty.eventloop.NioBossEventLoop.registerChannelTask(NioBossEventLoop.java:67) ]
INFO:register server channel
2021-03-31 21:15:00 下午 [Thread: workerthread0][ Class:io.metty.eventloop.AbstractNioEventLoop >> Method: io.metty.eventloop.AbstractNioEventLoop.run(AbstractNioEventLoop.java:77) ]
INFO:thread:   workerthread0------start
2021-03-31 21:15:00 下午 [Thread: main][ Class:io.metty.eventloop.NioWorkerEventLoop >> Method: io.metty.eventloop.NioWorkerEventLoop.registerChannelTask(NioWorkerEventLoop.java:63) ]
INFO:register  clientchannel
2021-03-31 21:15:00 下午 [Thread: serverthread0][ Class:io.metty.eventloop.NioBossEventLoop >> Method: io.metty.eventloop.NioBossEventLoop.process(NioBossEventLoop.java:53) ]
INFO:accpet a new socketchannel 
2021-03-31 21:15:00 下午 [Thread: serverthread0][ Class:io.metty.eventloop.NioWorkerEventLoop >> Method: io.metty.eventloop.NioWorkerEventLoop.registerChannelTask(NioWorkerEventLoop.java:63) ]
INFO:register  clientchannel
2021-03-31 21:15:00 下午 [Thread: workerthread0][ Class:io.metty.eventloop.NioWorkerEventLoop >> Method: io.metty.eventloop.NioWorkerEventLoop.process(NioWorkerEventLoop.java:50) ]
INFO:socketchannel connected
2021-03-31 21:18:34 下午 [Thread: serverthread0][ Class:io.metty.eventloop.AbstractNioEventLoop >> Method: io.metty.eventloop.AbstractNioEventLoop.run(AbstractNioEventLoop.java:77) ]
INFO:thread:   serverthread0------start
2021-03-31 21:18:34 下午 [Thread: workerthread0][ Class:io.metty.eventloop.AbstractNioEventLoop >> Method: io.metty.eventloop.AbstractNioEventLoop.run(AbstractNioEventLoop.java:77) ]
INFO:thread:   workerthread0------start
2021-03-31 21:18:34 下午 [Thread: main][ Class:io.metty.codec.decoder.DelimiterBasedFrameDecoder >> Method: io.metty.codec.decoder.DelimiterBasedFrameDecoder.init(DelimiterBasedFrameDecoder.java:32) ]
INFO:init delimiters
2021-03-31 21:18:34 下午 [Thread: main][ Class:io.metty.eventloop.NioBossEventLoop >> Method: io.metty.eventloop.NioBossEventLoop.registerChannelTask(NioBossEventLoop.java:67) ]
INFO:register server channel
2021-03-31 21:18:37 下午 [Thread: workerthread0][ Class:io.metty.eventloop.AbstractNioEventLoop >> Method: io.metty.eventloop.AbstractNioEventLoop.run(AbstractNioEventLoop.java:77) ]
INFO:thread:   workerthread0------start
2021-03-31 21:18:37 下午 [Thread: main][ Class:io.metty.eventloop.NioWorkerEventLoop >> Method: io.metty.eventloop.NioWorkerEventLoop.registerChannelTask(NioWorkerEventLoop.java:63) ]
INFO:register  clientchannel
2021-03-31 21:18:37 下午 [Thread: workerthread0][ Class:io.metty.eventloop.NioWorkerEventLoop >> Method: io.metty.eventloop.NioWorkerEventLoop.process(NioWorkerEventLoop.java:50) ]
INFO:socketchannel connected
2021-03-31 21:18:37 下午 [Thread: serverthread0][ Class:io.metty.eventloop.NioBossEventLoop >> Method: io.metty.eventloop.NioBossEventLoop.process(NioBossEventLoop.java:53) ]
INFO:accpet a new socketchannel 
2021-03-31 21:18:37 下午 [Thread: serverthread0][ Class:io.metty.eventloop.NioWorkerEventLoop >> Method: io.metty.eventloop.NioWorkerEventLoop.registerChannelTask(NioWorkerEventLoop.java:63) ]
INFO:register  clientchannel
2021-03-31 21:20:30 下午 [Thread: serverthread0][ Class:io.metty.eventloop.AbstractNioEventLoop >> Method: io.metty.eventloop.AbstractNioEventLoop.run(AbstractNioEventLoop.java:77) ]
INFO:thread:   serverthread0------start
2021-03-31 21:20:30 下午 [Thread: workerthread0][ Class:io.metty.eventloop.AbstractNioEventLoop >> Method: io.metty.eventloop.AbstractNioEventLoop.run(AbstractNioEventLoop.java:77) ]
INFO:thread:   workerthread0------start
2021-03-31 21:20:30 下午 [Thread: main][ Class:io.metty.codec.decoder.DelimiterBasedFrameDecoder >> Method: io.metty.codec.decoder.DelimiterBasedFrameDecoder.init(DelimiterBasedFrameDecoder.java:32) ]
INFO:init delimiters
2021-03-31 21:20:30 下午 [Thread: main][ Class:io.metty.eventloop.NioBossEventLoop >> Method: io.metty.eventloop.NioBossEventLoop.registerChannelTask(NioBossEventLoop.java:67) ]
INFO:register server channel
2021-03-31 21:20:32 下午 [Thread: workerthread0][ Class:io.metty.eventloop.AbstractNioEventLoop >> Method: io.metty.eventloop.AbstractNioEventLoop.run(AbstractNioEventLoop.java:77) ]
INFO:thread:   workerthread0------start
2021-03-31 21:20:32 下午 [Thread: main][ Class:io.metty.eventloop.NioWorkerEventLoop >> Method: io.metty.eventloop.NioWorkerEventLoop.registerChannelTask(NioWorkerEventLoop.java:63) ]
INFO:register  clientchannel
2021-03-31 21:20:32 下午 [Thread: workerthread0][ Class:io.metty.eventloop.NioWorkerEventLoop >> Method: io.metty.eventloop.NioWorkerEventLoop.process(NioWorkerEventLoop.java:50) ]
INFO:socketchannel connected
2021-03-31 21:20:32 下午 [Thread: serverthread0][ Class:io.metty.eventloop.NioBossEventLoop >> Method: io.metty.eventloop.NioBossEventLoop.process(NioBossEventLoop.java:53) ]
INFO:accpet a new socketchannel 
2021-03-31 21:20:32 下午 [Thread: serverthread0][ Class:io.metty.eventloop.NioWorkerEventLoop >> Method: io.metty.eventloop.NioWorkerEventLoop.registerChannelTask(NioWorkerEventLoop.java:63) ]
INFO:register  clientchannel
2021-03-31 21:21:18 下午 [Thread: serverthread0][ Class:io.metty.eventloop.AbstractNioEventLoop >> Method: io.metty.eventloop.AbstractNioEventLoop.run(AbstractNioEventLoop.java:77) ]
INFO:thread:   serverthread0------start
2021-03-31 21:21:18 下午 [Thread: main][ Class:io.metty.codec.decoder.DelimiterBasedFrameDecoder >> Method: io.metty.codec.decoder.DelimiterBasedFrameDecoder.init(DelimiterBasedFrameDecoder.java:32) ]
INFO:init delimiters
2021-03-31 21:21:18 下午 [Thread: workerthread0][ Class:io.metty.eventloop.AbstractNioEventLoop >> Method: io.metty.eventloop.AbstractNioEventLoop.run(AbstractNioEventLoop.java:77) ]
INFO:thread:   workerthread0------start
2021-03-31 21:21:18 下午 [Thread: main][ Class:io.metty.eventloop.NioBossEventLoop >> Method: io.metty.eventloop.NioBossEventLoop.registerChannelTask(NioBossEventLoop.java:67) ]
INFO:register server channel
2021-03-31 21:21:23 下午 [Thread: serverthread0][ Class:io.metty.eventloop.AbstractNioEventLoop >> Method: io.metty.eventloop.AbstractNioEventLoop.run(AbstractNioEventLoop.java:77) ]
INFO:thread:   serverthread0------start
2021-03-31 21:21:23 下午 [Thread: workerthread0][ Class:io.metty.eventloop.AbstractNioEventLoop >> Method: io.metty.eventloop.AbstractNioEventLoop.run(AbstractNioEventLoop.java:77) ]
INFO:thread:   workerthread0------start
2021-03-31 21:21:23 下午 [Thread: main][ Class:io.metty.codec.decoder.DelimiterBasedFrameDecoder >> Method: io.metty.codec.decoder.DelimiterBasedFrameDecoder.init(DelimiterBasedFrameDecoder.java:32) ]
INFO:init delimiters
2021-03-31 21:21:23 下午 [Thread: main][ Class:io.metty.eventloop.NioBossEventLoop >> Method: io.metty.eventloop.NioBossEventLoop.registerChannelTask(NioBossEventLoop.java:67) ]
INFO:register server channel
2021-03-31 21:21:25 下午 [Thread: workerthread0][ Class:io.metty.eventloop.AbstractNioEventLoop >> Method: io.metty.eventloop.AbstractNioEventLoop.run(AbstractNioEventLoop.java:77) ]
INFO:thread:   workerthread0------start
2021-03-31 21:21:25 下午 [Thread: main][ Class:io.metty.eventloop.NioWorkerEventLoop >> Method: io.metty.eventloop.NioWorkerEventLoop.registerChannelTask(NioWorkerEventLoop.java:63) ]
INFO:register  clientchannel
2021-03-31 21:21:25 下午 [Thread: serverthread0][ Class:io.metty.eventloop.NioBossEventLoop >> Method: io.metty.eventloop.NioBossEventLoop.process(NioBossEventLoop.java:53) ]
INFO:accpet a new socketchannel 
2021-03-31 21:21:25 下午 [Thread: serverthread0][ Class:io.metty.eventloop.NioWorkerEventLoop >> Method: io.metty.eventloop.NioWorkerEventLoop.registerChannelTask(NioWorkerEventLoop.java:63) ]
INFO:register  clientchannel
2021-03-31 21:21:25 下午 [Thread: workerthread0][ Class:io.metty.eventloop.NioWorkerEventLoop >> Method: io.metty.eventloop.NioWorkerEventLoop.process(NioWorkerEventLoop.java:50) ]
INFO:socketchannel connected
2021-03-31 21:22:53 下午 [Thread: serverthread0][ Class:io.metty.eventloop.AbstractNioEventLoop >> Method: io.metty.eventloop.AbstractNioEventLoop.run(AbstractNioEventLoop.java:77) ]
INFO:thread:   serverthread0------start
2021-03-31 21:22:53 下午 [Thread: workerthread0][ Class:io.metty.eventloop.AbstractNioEventLoop >> Method: io.metty.eventloop.AbstractNioEventLoop.run(AbstractNioEventLoop.java:77) ]
INFO:thread:   workerthread0------start
2021-03-31 21:22:53 下午 [Thread: main][ Class:io.metty.codec.decoder.DelimiterBasedFrameDecoder >> Method: io.metty.codec.decoder.DelimiterBasedFrameDecoder.init(DelimiterBasedFrameDecoder.java:32) ]
INFO:init delimiters
2021-03-31 21:22:53 下午 [Thread: main][ Class:io.metty.eventloop.NioBossEventLoop >> Method: io.metty.eventloop.NioBossEventLoop.registerChannelTask(NioBossEventLoop.java:67) ]
INFO:register server channel
2021-03-31 21:22:56 下午 [Thread: workerthread0][ Class:io.metty.eventloop.AbstractNioEventLoop >> Method: io.metty.eventloop.AbstractNioEventLoop.run(AbstractNioEventLoop.java:77) ]
INFO:thread:   workerthread0------start
2021-03-31 21:22:56 下午 [Thread: main][ Class:io.metty.eventloop.NioWorkerEventLoop >> Method: io.metty.eventloop.NioWorkerEventLoop.registerChannelTask(NioWorkerEventLoop.java:63) ]
INFO:register  clientchannel
2021-03-31 21:22:56 下午 [Thread: workerthread0][ Class:io.metty.eventloop.NioWorkerEventLoop >> Method: io.metty.eventloop.NioWorkerEventLoop.process(NioWorkerEventLoop.java:50) ]
INFO:socketchannel connected
2021-03-31 21:22:56 下午 [Thread: serverthread0][ Class:io.metty.eventloop.NioBossEventLoop >> Method: io.metty.eventloop.NioBossEventLoop.process(NioBossEventLoop.java:53) ]
INFO:accpet a new socketchannel 
2021-03-31 21:22:56 下午 [Thread: serverthread0][ Class:io.metty.eventloop.NioWorkerEventLoop >> Method: io.metty.eventloop.NioWorkerEventLoop.registerChannelTask(NioWorkerEventLoop.java:63) ]
INFO:register  clientchannel
2021-03-31 21:25:07 下午 [Thread: serverthread0][ Class:io.metty.eventloop.AbstractNioEventLoop >> Method: io.metty.eventloop.AbstractNioEventLoop.run(AbstractNioEventLoop.java:77) ]
INFO:thread:   serverthread0------start
2021-03-31 21:25:07 下午 [Thread: workerthread0][ Class:io.metty.eventloop.AbstractNioEventLoop >> Method: io.metty.eventloop.AbstractNioEventLoop.run(AbstractNioEventLoop.java:77) ]
INFO:thread:   workerthread0------start
2021-03-31 21:25:07 下午 [Thread: main][ Class:io.metty.codec.decoder.DelimiterBasedFrameDecoder >> Method: io.metty.codec.decoder.DelimiterBasedFrameDecoder.init(DelimiterBasedFrameDecoder.java:32) ]
INFO:init delimiters
2021-03-31 21:25:07 下午 [Thread: main][ Class:io.metty.eventloop.NioBossEventLoop >> Method: io.metty.eventloop.NioBossEventLoop.registerChannelTask(NioBossEventLoop.java:67) ]
INFO:register server channel
2021-03-31 21:25:09 下午 [Thread: workerthread0][ Class:io.metty.eventloop.AbstractNioEventLoop >> Method: io.metty.eventloop.AbstractNioEventLoop.run(AbstractNioEventLoop.java:77) ]
INFO:thread:   workerthread0------start
2021-03-31 21:25:09 下午 [Thread: main][ Class:io.metty.eventloop.NioWorkerEventLoop >> Method: io.metty.eventloop.NioWorkerEventLoop.registerChannelTask(NioWorkerEventLoop.java:63) ]
INFO:register  clientchannel
2021-03-31 21:25:09 下午 [Thread: workerthread0][ Class:io.metty.eventloop.NioWorkerEventLoop >> Method: io.metty.eventloop.NioWorkerEventLoop.process(NioWorkerEventLoop.java:50) ]
INFO:socketchannel connected
2021-03-31 21:25:09 下午 [Thread: serverthread0][ Class:io.metty.eventloop.NioBossEventLoop >> Method: io.metty.eventloop.NioBossEventLoop.process(NioBossEventLoop.java:53) ]
INFO:accpet a new socketchannel 
2021-03-31 21:25:09 下午 [Thread: serverthread0][ Class:io.metty.eventloop.NioWorkerEventLoop >> Method: io.metty.eventloop.NioWorkerEventLoop.registerChannelTask(NioWorkerEventLoop.java:63) ]
INFO:register  clientchannel
2021-03-31 21:26:12 下午 [Thread: serverthread0][ Class:io.metty.eventloop.AbstractNioEventLoop >> Method: io.metty.eventloop.AbstractNioEventLoop.run(AbstractNioEventLoop.java:77) ]
INFO:thread:   serverthread0------start
2021-03-31 21:26:12 下午 [Thread: workerthread0][ Class:io.metty.eventloop.AbstractNioEventLoop >> Method: io.metty.eventloop.AbstractNioEventLoop.run(AbstractNioEventLoop.java:77) ]
INFO:thread:   workerthread0------start
2021-03-31 21:26:12 下午 [Thread: main][ Class:io.metty.codec.decoder.DelimiterBasedFrameDecoder >> Method: io.metty.codec.decoder.DelimiterBasedFrameDecoder.init(DelimiterBasedFrameDecoder.java:32) ]
INFO:init delimiters
2021-03-31 21:26:12 下午 [Thread: main][ Class:io.metty.eventloop.NioBossEventLoop >> Method: io.metty.eventloop.NioBossEventLoop.registerChannelTask(NioBossEventLoop.java:67) ]
INFO:register server channel
2021-03-31 21:26:15 下午 [Thread: workerthread0][ Class:io.metty.eventloop.AbstractNioEventLoop >> Method: io.metty.eventloop.AbstractNioEventLoop.run(AbstractNioEventLoop.java:77) ]
INFO:thread:   workerthread0------start
2021-03-31 21:26:15 下午 [Thread: main][ Class:io.metty.eventloop.NioWorkerEventLoop >> Method: io.metty.eventloop.NioWorkerEventLoop.registerChannelTask(NioWorkerEventLoop.java:63) ]
INFO:register  clientchannel
2021-03-31 21:26:15 下午 [Thread: workerthread0][ Class:io.metty.eventloop.NioWorkerEventLoop >> Method: io.metty.eventloop.NioWorkerEventLoop.process(NioWorkerEventLoop.java:50) ]
INFO:socketchannel connected
2021-03-31 21:26:15 下午 [Thread: serverthread0][ Class:io.metty.eventloop.NioBossEventLoop >> Method: io.metty.eventloop.NioBossEventLoop.process(NioBossEventLoop.java:53) ]
INFO:accpet a new socketchannel 
2021-03-31 21:26:15 下午 [Thread: serverthread0][ Class:io.metty.eventloop.NioWorkerEventLoop >> Method: io.metty.eventloop.NioWorkerEventLoop.registerChannelTask(NioWorkerEventLoop.java:63) ]
INFO:register  clientchannel
2021-03-31 21:27:50 下午 [Thread: serverthread0][ Class:io.metty.eventloop.AbstractNioEventLoop >> Method: io.metty.eventloop.AbstractNioEventLoop.run(AbstractNioEventLoop.java:77) ]
INFO:thread:   serverthread0------start
2021-03-31 21:27:50 下午 [Thread: workerthread0][ Class:io.metty.eventloop.AbstractNioEventLoop >> Method: io.metty.eventloop.AbstractNioEventLoop.run(AbstractNioEventLoop.java:77) ]
INFO:thread:   workerthread0------start
2021-03-31 21:27:50 下午 [Thread: main][ Class:io.metty.codec.decoder.DelimiterBasedFrameDecoder >> Method: io.metty.codec.decoder.DelimiterBasedFrameDecoder.init(DelimiterBasedFrameDecoder.java:32) ]
INFO:init delimiters
2021-03-31 21:27:50 下午 [Thread: main][ Class:io.metty.eventloop.NioBossEventLoop >> Method: io.metty.eventloop.NioBossEventLoop.registerChannelTask(NioBossEventLoop.java:67) ]
INFO:register server channel
2021-03-31 21:27:53 下午 [Thread: workerthread0][ Class:io.metty.eventloop.AbstractNioEventLoop >> Method: io.metty.eventloop.AbstractNioEventLoop.run(AbstractNioEventLoop.java:77) ]
INFO:thread:   workerthread0------start
2021-03-31 21:27:53 下午 [Thread: main][ Class:io.metty.eventloop.NioWorkerEventLoop >> Method: io.metty.eventloop.NioWorkerEventLoop.registerChannelTask(NioWorkerEventLoop.java:63) ]
INFO:register  clientchannel
2021-03-31 21:27:53 下午 [Thread: workerthread0][ Class:io.metty.eventloop.NioWorkerEventLoop >> Method: io.metty.eventloop.NioWorkerEventLoop.process(NioWorkerEventLoop.java:50) ]
INFO:socketchannel connected
2021-03-31 21:27:53 下午 [Thread: serverthread0][ Class:io.metty.eventloop.NioBossEventLoop >> Method: io.metty.eventloop.NioBossEventLoop.process(NioBossEventLoop.java:53) ]
INFO:accpet a new socketchannel 
2021-03-31 21:27:53 下午 [Thread: serverthread0][ Class:io.metty.eventloop.NioWorkerEventLoop >> Method: io.metty.eventloop.NioWorkerEventLoop.registerChannelTask(NioWorkerEventLoop.java:63) ]
INFO:register  clientchannel
2021-03-31 21:31:21 下午 [Thread: serverthread0][ Class:io.metty.eventloop.AbstractNioEventLoop >> Method: io.metty.eventloop.AbstractNioEventLoop.run(AbstractNioEventLoop.java:77) ]
INFO:thread:   serverthread0------start
2021-03-31 21:31:21 下午 [Thread: workerthread0][ Class:io.metty.eventloop.AbstractNioEventLoop >> Method: io.metty.eventloop.AbstractNioEventLoop.run(AbstractNioEventLoop.java:77) ]
INFO:thread:   workerthread0------start
2021-03-31 21:31:21 下午 [Thread: main][ Class:io.metty.codec.decoder.DelimiterBasedFrameDecoder >> Method: io.metty.codec.decoder.DelimiterBasedFrameDecoder.init(DelimiterBasedFrameDecoder.java:32) ]
INFO:init delimiters
2021-03-31 21:31:21 下午 [Thread: main][ Class:io.metty.eventloop.NioBossEventLoop >> Method: io.metty.eventloop.NioBossEventLoop.registerChannelTask(NioBossEventLoop.java:67) ]
INFO:register server channel
2021-03-31 21:31:24 下午 [Thread: workerthread0][ Class:io.metty.eventloop.AbstractNioEventLoop >> Method: io.metty.eventloop.AbstractNioEventLoop.run(AbstractNioEventLoop.java:77) ]
INFO:thread:   workerthread0------start
2021-03-31 21:31:24 下午 [Thread: main][ Class:io.metty.eventloop.NioWorkerEventLoop >> Method: io.metty.eventloop.NioWorkerEventLoop.registerChannelTask(NioWorkerEventLoop.java:63) ]
INFO:register  clientchannel
2021-03-31 21:31:24 下午 [Thread: serverthread0][ Class:io.metty.eventloop.NioBossEventLoop >> Method: io.metty.eventloop.NioBossEventLoop.process(NioBossEventLoop.java:53) ]
INFO:accpet a new socketchannel 
2021-03-31 21:31:24 下午 [Thread: serverthread0][ Class:io.metty.eventloop.NioWorkerEventLoop >> Method: io.metty.eventloop.NioWorkerEventLoop.registerChannelTask(NioWorkerEventLoop.java:63) ]
INFO:register  clientchannel
2021-03-31 21:31:24 下午 [Thread: workerthread0][ Class:io.metty.eventloop.NioWorkerEventLoop >> Method: io.metty.eventloop.NioWorkerEventLoop.process(NioWorkerEventLoop.java:50) ]
INFO:socketchannel connected
2021-03-31 21:33:04 下午 [Thread: serverthread0][ Class:io.metty.eventloop.AbstractNioEventLoop >> Method: io.metty.eventloop.AbstractNioEventLoop.run(AbstractNioEventLoop.java:77) ]
INFO:thread:   serverthread0------start
2021-03-31 21:33:04 下午 [Thread: workerthread0][ Class:io.metty.eventloop.AbstractNioEventLoop >> Method: io.metty.eventloop.AbstractNioEventLoop.run(AbstractNioEventLoop.java:77) ]
INFO:thread:   workerthread0------start
2021-03-31 21:33:04 下午 [Thread: main][ Class:io.metty.codec.decoder.DelimiterBasedFrameDecoder >> Method: io.metty.codec.decoder.DelimiterBasedFrameDecoder.init(DelimiterBasedFrameDecoder.java:32) ]
INFO:init delimiters
2021-03-31 21:33:04 下午 [Thread: main][ Class:io.metty.eventloop.NioBossEventLoop >> Method: io.metty.eventloop.NioBossEventLoop.registerChannelTask(NioBossEventLoop.java:67) ]
INFO:register server channel
2021-03-31 21:33:07 下午 [Thread: workerthread0][ Class:io.metty.eventloop.AbstractNioEventLoop >> Method: io.metty.eventloop.AbstractNioEventLoop.run(AbstractNioEventLoop.java:77) ]
INFO:thread:   workerthread0------start
2021-03-31 21:33:07 下午 [Thread: main][ Class:io.metty.eventloop.NioWorkerEventLoop >> Method: io.metty.eventloop.NioWorkerEventLoop.registerChannelTask(NioWorkerEventLoop.java:63) ]
INFO:register  clientchannel
2021-03-31 21:33:07 下午 [Thread: workerthread0][ Class:io.metty.eventloop.NioWorkerEventLoop >> Method: io.metty.eventloop.NioWorkerEventLoop.process(NioWorkerEventLoop.java:50) ]
INFO:socketchannel connected
2021-03-31 21:33:07 下午 [Thread: serverthread0][ Class:io.metty.eventloop.NioBossEventLoop >> Method: io.metty.eventloop.NioBossEventLoop.process(NioBossEventLoop.java:53) ]
INFO:accpet a new socketchannel 
2021-03-31 21:33:07 下午 [Thread: serverthread0][ Class:io.metty.eventloop.NioWorkerEventLoop >> Method: io.metty.eventloop.NioWorkerEventLoop.registerChannelTask(NioWorkerEventLoop.java:63) ]
INFO:register  clientchannel
2021-03-31 21:34:46 下午 [Thread: serverthread0][ Class:io.metty.eventloop.AbstractNioEventLoop >> Method: io.metty.eventloop.AbstractNioEventLoop.run(AbstractNioEventLoop.java:77) ]
INFO:thread:   serverthread0------start
2021-03-31 21:34:46 下午 [Thread: workerthread0][ Class:io.metty.eventloop.AbstractNioEventLoop >> Method: io.metty.eventloop.AbstractNioEventLoop.run(AbstractNioEventLoop.java:77) ]
INFO:thread:   workerthread0------start
2021-03-31 21:34:46 下午 [Thread: main][ Class:io.metty.codec.decoder.DelimiterBasedFrameDecoder >> Method: io.metty.codec.decoder.DelimiterBasedFrameDecoder.init(DelimiterBasedFrameDecoder.java:32) ]
INFO:init delimiters
2021-03-31 21:34:46 下午 [Thread: main][ Class:io.metty.eventloop.NioBossEventLoop >> Method: io.metty.eventloop.NioBossEventLoop.registerChannelTask(NioBossEventLoop.java:67) ]
INFO:register server channel
2021-03-31 21:34:51 下午 [Thread: workerthread0][ Class:io.metty.eventloop.AbstractNioEventLoop >> Method: io.metty.eventloop.AbstractNioEventLoop.run(AbstractNioEventLoop.java:77) ]
INFO:thread:   workerthread0------start
2021-03-31 21:34:51 下午 [Thread: main][ Class:io.metty.eventloop.NioWorkerEventLoop >> Method: io.metty.eventloop.NioWorkerEventLoop.registerChannelTask(NioWorkerEventLoop.java:63) ]
INFO:register  clientchannel
2021-03-31 21:34:51 下午 [Thread: workerthread0][ Class:io.metty.eventloop.NioWorkerEventLoop >> Method: io.metty.eventloop.NioWorkerEventLoop.process(NioWorkerEventLoop.java:50) ]
INFO:socketchannel connected
2021-03-31 21:34:51 下午 [Thread: serverthread0][ Class:io.metty.eventloop.NioBossEventLoop >> Method: io.metty.eventloop.NioBossEventLoop.process(NioBossEventLoop.java:53) ]
INFO:accpet a new socketchannel 
2021-03-31 21:34:51 下午 [Thread: serverthread0][ Class:io.metty.eventloop.NioWorkerEventLoop >> Method: io.metty.eventloop.NioWorkerEventLoop.registerChannelTask(NioWorkerEventLoop.java:63) ]
INFO:register  clientchannel
2021-03-31 21:36:37 下午 [Thread: serverthread0][ Class:io.metty.eventloop.AbstractNioEventLoop >> Method: io.metty.eventloop.AbstractNioEventLoop.run(AbstractNioEventLoop.java:77) ]
INFO:thread:   serverthread0------start
2021-03-31 21:36:37 下午 [Thread: workerthread0][ Class:io.metty.eventloop.AbstractNioEventLoop >> Method: io.metty.eventloop.AbstractNioEventLoop.run(AbstractNioEventLoop.java:77) ]
INFO:thread:   workerthread0------start
2021-03-31 21:36:37 下午 [Thread: main][ Class:io.metty.codec.decoder.DelimiterBasedFrameDecoder >> Method: io.metty.codec.decoder.DelimiterBasedFrameDecoder.init(DelimiterBasedFrameDecoder.java:32) ]
INFO:init delimiters
2021-03-31 21:36:37 下午 [Thread: main][ Class:io.metty.eventloop.NioBossEventLoop >> Method: io.metty.eventloop.NioBossEventLoop.registerChannelTask(NioBossEventLoop.java:67) ]
INFO:register server channel
2021-03-31 21:36:41 下午 [Thread: workerthread0][ Class:io.metty.eventloop.AbstractNioEventLoop >> Method: io.metty.eventloop.AbstractNioEventLoop.run(AbstractNioEventLoop.java:77) ]
INFO:thread:   workerthread0------start
2021-03-31 21:36:41 下午 [Thread: main][ Class:io.metty.eventloop.NioWorkerEventLoop >> Method: io.metty.eventloop.NioWorkerEventLoop.registerChannelTask(NioWorkerEventLoop.java:63) ]
INFO:register  clientchannel
2021-03-31 21:36:41 下午 [Thread: workerthread0][ Class:io.metty.eventloop.NioWorkerEventLoop >> Method: io.metty.eventloop.NioWorkerEventLoop.process(NioWorkerEventLoop.java:50) ]
INFO:socketchannel connected
2021-03-31 21:36:41 下午 [Thread: serverthread0][ Class:io.metty.eventloop.NioBossEventLoop >> Method: io.metty.eventloop.NioBossEventLoop.process(NioBossEventLoop.java:53) ]
INFO:accpet a new socketchannel 
2021-03-31 21:36:41 下午 [Thread: serverthread0][ Class:io.metty.eventloop.NioWorkerEventLoop >> Method: io.metty.eventloop.NioWorkerEventLoop.registerChannelTask(NioWorkerEventLoop.java:63) ]
INFO:register  clientchannel
2021-03-31 21:37:56 下午 [Thread: serverthread0][ Class:io.metty.eventloop.AbstractNioEventLoop >> Method: io.metty.eventloop.AbstractNioEventLoop.run(AbstractNioEventLoop.java:77) ]
INFO:thread:   serverthread0------start
2021-03-31 21:37:56 下午 [Thread: workerthread0][ Class:io.metty.eventloop.AbstractNioEventLoop >> Method: io.metty.eventloop.AbstractNioEventLoop.run(AbstractNioEventLoop.java:77) ]
INFO:thread:   workerthread0------start
2021-03-31 21:37:56 下午 [Thread: main][ Class:io.metty.codec.decoder.DelimiterBasedFrameDecoder >> Method: io.metty.codec.decoder.DelimiterBasedFrameDecoder.init(DelimiterBasedFrameDecoder.java:32) ]
INFO:init delimiters
2021-03-31 21:37:56 下午 [Thread: main][ Class:io.metty.eventloop.NioBossEventLoop >> Method: io.metty.eventloop.NioBossEventLoop.registerChannelTask(NioBossEventLoop.java:67) ]
INFO:register server channel
2021-03-31 21:38:00 下午 [Thread: workerthread0][ Class:io.metty.eventloop.AbstractNioEventLoop >> Method: io.metty.eventloop.AbstractNioEventLoop.run(AbstractNioEventLoop.java:77) ]
INFO:thread:   workerthread0------start
2021-03-31 21:38:00 下午 [Thread: main][ Class:io.metty.eventloop.NioWorkerEventLoop >> Method: io.metty.eventloop.NioWorkerEventLoop.registerChannelTask(NioWorkerEventLoop.java:63) ]
INFO:register  clientchannel
2021-03-31 21:38:00 下午 [Thread: workerthread0][ Class:io.metty.eventloop.NioWorkerEventLoop >> Method: io.metty.eventloop.NioWorkerEventLoop.process(NioWorkerEventLoop.java:50) ]
INFO:socketchannel connected
2021-03-31 21:38:00 下午 [Thread: serverthread0][ Class:io.metty.eventloop.NioBossEventLoop >> Method: io.metty.eventloop.NioBossEventLoop.process(NioBossEventLoop.java:53) ]
INFO:accpet a new socketchannel 
2021-03-31 21:38:00 下午 [Thread: serverthread0][ Class:io.metty.eventloop.NioWorkerEventLoop >> Method: io.metty.eventloop.NioWorkerEventLoop.registerChannelTask(NioWorkerEventLoop.java:63) ]
INFO:register  clientchannel
2021-03-31 21:40:58 下午 [Thread: serverthread0][ Class:io.metty.eventloop.AbstractNioEventLoop >> Method: io.metty.eventloop.AbstractNioEventLoop.run(AbstractNioEventLoop.java:77) ]
INFO:thread:   serverthread0------start
2021-03-31 21:40:58 下午 [Thread: main][ Class:io.metty.codec.decoder.DelimiterBasedFrameDecoder >> Method: io.metty.codec.decoder.DelimiterBasedFrameDecoder.init(DelimiterBasedFrameDecoder.java:32) ]
INFO:init delimiters
2021-03-31 21:40:58 下午 [Thread: workerthread0][ Class:io.metty.eventloop.AbstractNioEventLoop >> Method: io.metty.eventloop.AbstractNioEventLoop.run(AbstractNioEventLoop.java:77) ]
INFO:thread:   workerthread0------start
2021-03-31 21:40:58 下午 [Thread: main][ Class:io.metty.eventloop.NioBossEventLoop >> Method: io.metty.eventloop.NioBossEventLoop.registerChannelTask(NioBossEventLoop.java:67) ]
INFO:register server channel
2021-03-31 21:41:01 下午 [Thread: workerthread0][ Class:io.metty.eventloop.AbstractNioEventLoop >> Method: io.metty.eventloop.AbstractNioEventLoop.run(AbstractNioEventLoop.java:77) ]
INFO:thread:   workerthread0------start
2021-03-31 21:41:01 下午 [Thread: main][ Class:io.metty.eventloop.NioWorkerEventLoop >> Method: io.metty.eventloop.NioWorkerEventLoop.registerChannelTask(NioWorkerEventLoop.java:63) ]
INFO:register  clientchannel
2021-03-31 21:41:01 下午 [Thread: workerthread0][ Class:io.metty.eventloop.NioWorkerEventLoop >> Method: io.metty.eventloop.NioWorkerEventLoop.process(NioWorkerEventLoop.java:50) ]
INFO:socketchannel connected
2021-03-31 21:41:01 下午 [Thread: serverthread0][ Class:io.metty.eventloop.NioBossEventLoop >> Method: io.metty.eventloop.NioBossEventLoop.process(NioBossEventLoop.java:53) ]
INFO:accpet a new socketchannel 
2021-03-31 21:41:01 下午 [Thread: serverthread0][ Class:io.metty.eventloop.NioWorkerEventLoop >> Method: io.metty.eventloop.NioWorkerEventLoop.registerChannelTask(NioWorkerEventLoop.java:63) ]
INFO:register  clientchannel
2021-03-31 21:41:58 下午 [Thread: serverthread0][ Class:io.metty.eventloop.AbstractNioEventLoop >> Method: io.metty.eventloop.AbstractNioEventLoop.run(AbstractNioEventLoop.java:77) ]
INFO:thread:   serverthread0------start
2021-03-31 21:41:58 下午 [Thread: workerthread0][ Class:io.metty.eventloop.AbstractNioEventLoop >> Method: io.metty.eventloop.AbstractNioEventLoop.run(AbstractNioEventLoop.java:77) ]
INFO:thread:   workerthread0------start
2021-03-31 21:41:58 下午 [Thread: main][ Class:io.metty.codec.decoder.DelimiterBasedFrameDecoder >> Method: io.metty.codec.decoder.DelimiterBasedFrameDecoder.init(DelimiterBasedFrameDecoder.java:32) ]
INFO:init delimiters
2021-03-31 21:41:58 下午 [Thread: main][ Class:io.metty.eventloop.NioBossEventLoop >> Method: io.metty.eventloop.NioBossEventLoop.registerChannelTask(NioBossEventLoop.java:67) ]
INFO:register server channel
2021-03-31 21:42:01 下午 [Thread: workerthread0][ Class:io.metty.eventloop.AbstractNioEventLoop >> Method: io.metty.eventloop.AbstractNioEventLoop.run(AbstractNioEventLoop.java:77) ]
INFO:thread:   workerthread0------start
2021-03-31 21:42:02 下午 [Thread: main][ Class:io.metty.eventloop.NioWorkerEventLoop >> Method: io.metty.eventloop.NioWorkerEventLoop.registerChannelTask(NioWorkerEventLoop.java:63) ]
INFO:register  clientchannel
2021-03-31 21:42:02 下午 [Thread: workerthread0][ Class:io.metty.eventloop.NioWorkerEventLoop >> Method: io.metty.eventloop.NioWorkerEventLoop.process(NioWorkerEventLoop.java:50) ]
INFO:socketchannel connected
2021-03-31 21:42:02 下午 [Thread: serverthread0][ Class:io.metty.eventloop.NioBossEventLoop >> Method: io.metty.eventloop.NioBossEventLoop.process(NioBossEventLoop.java:53) ]
INFO:accpet a new socketchannel 
2021-03-31 21:42:02 下午 [Thread: serverthread0][ Class:io.metty.eventloop.NioWorkerEventLoop >> Method: io.metty.eventloop.NioWorkerEventLoop.registerChannelTask(NioWorkerEventLoop.java:63) ]
INFO:register  clientchannel
2021-03-31 21:42:17 下午 [Thread: serverthread0][ Class:io.metty.eventloop.AbstractNioEventLoop >> Method: io.metty.eventloop.AbstractNioEventLoop.run(AbstractNioEventLoop.java:77) ]
INFO:thread:   serverthread0------start
2021-03-31 21:42:17 下午 [Thread: workerthread0][ Class:io.metty.eventloop.AbstractNioEventLoop >> Method: io.metty.eventloop.AbstractNioEventLoop.run(AbstractNioEventLoop.java:77) ]
INFO:thread:   workerthread0------start
2021-03-31 21:42:17 下午 [Thread: main][ Class:io.metty.codec.decoder.DelimiterBasedFrameDecoder >> Method: io.metty.codec.decoder.DelimiterBasedFrameDecoder.init(DelimiterBasedFrameDecoder.java:32) ]
INFO:init delimiters
2021-03-31 21:42:17 下午 [Thread: main][ Class:io.metty.eventloop.NioBossEventLoop >> Method: io.metty.eventloop.NioBossEventLoop.registerChannelTask(NioBossEventLoop.java:67) ]
INFO:register server channel
2021-03-31 21:42:19 下午 [Thread: workerthread0][ Class:io.metty.eventloop.AbstractNioEventLoop >> Method: io.metty.eventloop.AbstractNioEventLoop.run(AbstractNioEventLoop.java:77) ]
INFO:thread:   workerthread0------start
2021-03-31 21:42:19 下午 [Thread: main][ Class:io.metty.eventloop.NioWorkerEventLoop >> Method: io.metty.eventloop.NioWorkerEventLoop.registerChannelTask(NioWorkerEventLoop.java:63) ]
INFO:register  clientchannel
2021-03-31 21:42:19 下午 [Thread: serverthread0][ Class:io.metty.eventloop.NioBossEventLoop >> Method: io.metty.eventloop.NioBossEventLoop.process(NioBossEventLoop.java:53) ]
INFO:accpet a new socketchannel 
2021-03-31 21:42:19 下午 [Thread: serverthread0][ Class:io.metty.eventloop.NioWorkerEventLoop >> Method: io.metty.eventloop.NioWorkerEventLoop.registerChannelTask(NioWorkerEventLoop.java:63) ]
INFO:register  clientchannel
2021-03-31 21:42:19 下午 [Thread: workerthread0][ Class:io.metty.eventloop.NioWorkerEventLoop >> Method: io.metty.eventloop.NioWorkerEventLoop.process(NioWorkerEventLoop.java:50) ]
INFO:socketchannel connected
2021-03-31 21:45:48 下午 [Thread: serverthread0][ Class:io.metty.eventloop.AbstractNioEventLoop >> Method: io.metty.eventloop.AbstractNioEventLoop.run(AbstractNioEventLoop.java:77) ]
INFO:thread:   serverthread0------start
2021-03-31 21:45:48 下午 [Thread: workerthread0][ Class:io.metty.eventloop.AbstractNioEventLoop >> Method: io.metty.eventloop.AbstractNioEventLoop.run(AbstractNioEventLoop.java:77) ]
INFO:thread:   workerthread0------start
2021-03-31 21:45:48 下午 [Thread: main][ Class:io.metty.codec.decoder.DelimiterBasedFrameDecoder >> Method: io.metty.codec.decoder.DelimiterBasedFrameDecoder.init(DelimiterBasedFrameDecoder.java:32) ]
INFO:init delimiters
2021-03-31 21:45:49 下午 [Thread: main][ Class:io.metty.eventloop.NioBossEventLoop >> Method: io.metty.eventloop.NioBossEventLoop.registerChannelTask(NioBossEventLoop.java:67) ]
INFO:register server channel
2021-03-31 21:45:51 下午 [Thread: workerthread0][ Class:io.metty.eventloop.AbstractNioEventLoop >> Method: io.metty.eventloop.AbstractNioEventLoop.run(AbstractNioEventLoop.java:77) ]
INFO:thread:   workerthread0------start
2021-03-31 21:45:51 下午 [Thread: main][ Class:io.metty.eventloop.NioWorkerEventLoop >> Method: io.metty.eventloop.NioWorkerEventLoop.registerChannelTask(NioWorkerEventLoop.java:63) ]
INFO:register  clientchannel
2021-03-31 21:45:51 下午 [Thread: workerthread0][ Class:io.metty.eventloop.NioWorkerEventLoop >> Method: io.metty.eventloop.NioWorkerEventLoop.process(NioWorkerEventLoop.java:50) ]
INFO:socketchannel connected
2021-03-31 21:45:51 下午 [Thread: serverthread0][ Class:io.metty.eventloop.NioBossEventLoop >> Method: io.metty.eventloop.NioBossEventLoop.process(NioBossEventLoop.java:53) ]
INFO:accpet a new socketchannel 
2021-03-31 21:45:51 下午 [Thread: serverthread0][ Class:io.metty.eventloop.NioWorkerEventLoop >> Method: io.metty.eventloop.NioWorkerEventLoop.registerChannelTask(NioWorkerEventLoop.java:63) ]
INFO:register  clientchannel
2021-03-31 21:47:00 下午 [Thread: serverthread0][ Class:io.metty.eventloop.AbstractNioEventLoop >> Method: io.metty.eventloop.AbstractNioEventLoop.run(AbstractNioEventLoop.java:77) ]
INFO:thread:   serverthread0------start
2021-03-31 21:47:00 下午 [Thread: workerthread0][ Class:io.metty.eventloop.AbstractNioEventLoop >> Method: io.metty.eventloop.AbstractNioEventLoop.run(AbstractNioEventLoop.java:77) ]
INFO:thread:   workerthread0------start
2021-03-31 21:47:00 下午 [Thread: main][ Class:io.metty.codec.decoder.DelimiterBasedFrameDecoder >> Method: io.metty.codec.decoder.DelimiterBasedFrameDecoder.init(DelimiterBasedFrameDecoder.java:32) ]
INFO:init delimiters
2021-03-31 21:47:00 下午 [Thread: main][ Class:io.metty.eventloop.NioBossEventLoop >> Method: io.metty.eventloop.NioBossEventLoop.registerChannelTask(NioBossEventLoop.java:67) ]
INFO:register server channel
2021-03-31 21:47:03 下午 [Thread: workerthread0][ Class:io.metty.eventloop.AbstractNioEventLoop >> Method: io.metty.eventloop.AbstractNioEventLoop.run(AbstractNioEventLoop.java:77) ]
INFO:thread:   workerthread0------start
2021-03-31 21:47:03 下午 [Thread: main][ Class:io.metty.eventloop.NioWorkerEventLoop >> Method: io.metty.eventloop.NioWorkerEventLoop.registerChannelTask(NioWorkerEventLoop.java:63) ]
INFO:register  clientchannel
2021-03-31 21:47:03 下午 [Thread: workerthread0][ Class:io.metty.eventloop.NioWorkerEventLoop >> Method: io.metty.eventloop.NioWorkerEventLoop.process(NioWorkerEventLoop.java:50) ]
INFO:socketchannel connected
2021-03-31 21:47:03 下午 [Thread: serverthread0][ Class:io.metty.eventloop.NioBossEventLoop >> Method: io.metty.eventloop.NioBossEventLoop.process(NioBossEventLoop.java:53) ]
INFO:accpet a new socketchannel 
2021-03-31 21:47:03 下午 [Thread: serverthread0][ Class:io.metty.eventloop.NioWorkerEventLoop >> Method: io.metty.eventloop.NioWorkerEventLoop.registerChannelTask(NioWorkerEventLoop.java:63) ]
INFO:register  clientchannel
2021-03-31 21:48:35 下午 [Thread: serverthread0][ Class:io.metty.eventloop.AbstractNioEventLoop >> Method: io.metty.eventloop.AbstractNioEventLoop.run(AbstractNioEventLoop.java:77) ]
INFO:thread:   serverthread0------start
2021-03-31 21:48:35 下午 [Thread: workerthread0][ Class:io.metty.eventloop.AbstractNioEventLoop >> Method: io.metty.eventloop.AbstractNioEventLoop.run(AbstractNioEventLoop.java:77) ]
INFO:thread:   workerthread0------start
2021-03-31 21:48:35 下午 [Thread: main][ Class:io.metty.codec.decoder.DelimiterBasedFrameDecoder >> Method: io.metty.codec.decoder.DelimiterBasedFrameDecoder.init(DelimiterBasedFrameDecoder.java:32) ]
INFO:init delimiters
2021-03-31 21:48:35 下午 [Thread: main][ Class:io.metty.eventloop.NioBossEventLoop >> Method: io.metty.eventloop.NioBossEventLoop.registerChannelTask(NioBossEventLoop.java:67) ]
INFO:register server channel
2021-03-31 21:48:37 下午 [Thread: workerthread0][ Class:io.metty.eventloop.AbstractNioEventLoop >> Method: io.metty.eventloop.AbstractNioEventLoop.run(AbstractNioEventLoop.java:77) ]
INFO:thread:   workerthread0------start
2021-03-31 21:48:37 下午 [Thread: main][ Class:io.metty.eventloop.NioWorkerEventLoop >> Method: io.metty.eventloop.NioWorkerEventLoop.registerChannelTask(NioWorkerEventLoop.java:63) ]
INFO:register  clientchannel
2021-03-31 21:48:37 下午 [Thread: workerthread0][ Class:io.metty.eventloop.NioWorkerEventLoop >> Method: io.metty.eventloop.NioWorkerEventLoop.process(NioWorkerEventLoop.java:50) ]
INFO:socketchannel connected
2021-03-31 21:48:37 下午 [Thread: serverthread0][ Class:io.metty.eventloop.NioBossEventLoop >> Method: io.metty.eventloop.NioBossEventLoop.process(NioBossEventLoop.java:53) ]
INFO:accpet a new socketchannel 
2021-03-31 21:48:37 下午 [Thread: serverthread0][ Class:io.metty.eventloop.NioWorkerEventLoop >> Method: io.metty.eventloop.NioWorkerEventLoop.registerChannelTask(NioWorkerEventLoop.java:63) ]
INFO:register  clientchannel
2021-03-31 21:49:08 下午 [Thread: serverthread0][ Class:io.metty.eventloop.AbstractNioEventLoop >> Method: io.metty.eventloop.AbstractNioEventLoop.run(AbstractNioEventLoop.java:77) ]
INFO:thread:   serverthread0------start
2021-03-31 21:49:08 下午 [Thread: workerthread0][ Class:io.metty.eventloop.AbstractNioEventLoop >> Method: io.metty.eventloop.AbstractNioEventLoop.run(AbstractNioEventLoop.java:77) ]
INFO:thread:   workerthread0------start
2021-03-31 21:49:08 下午 [Thread: main][ Class:io.metty.codec.decoder.DelimiterBasedFrameDecoder >> Method: io.metty.codec.decoder.DelimiterBasedFrameDecoder.init(DelimiterBasedFrameDecoder.java:32) ]
INFO:init delimiters
2021-03-31 21:49:08 下午 [Thread: main][ Class:io.metty.eventloop.NioBossEventLoop >> Method: io.metty.eventloop.NioBossEventLoop.registerChannelTask(NioBossEventLoop.java:67) ]
INFO:register server channel
2021-03-31 21:49:10 下午 [Thread: workerthread0][ Class:io.metty.eventloop.AbstractNioEventLoop >> Method: io.metty.eventloop.AbstractNioEventLoop.run(AbstractNioEventLoop.java:77) ]
INFO:thread:   workerthread0------start
2021-03-31 21:49:10 下午 [Thread: main][ Class:io.metty.eventloop.NioWorkerEventLoop >> Method: io.metty.eventloop.NioWorkerEventLoop.registerChannelTask(NioWorkerEventLoop.java:63) ]
INFO:register  clientchannel
2021-03-31 21:49:10 下午 [Thread: workerthread0][ Class:io.metty.eventloop.NioWorkerEventLoop >> Method: io.metty.eventloop.NioWorkerEventLoop.process(NioWorkerEventLoop.java:50) ]
INFO:socketchannel connected
2021-03-31 21:49:10 下午 [Thread: serverthread0][ Class:io.metty.eventloop.NioBossEventLoop >> Method: io.metty.eventloop.NioBossEventLoop.process(NioBossEventLoop.java:53) ]
INFO:accpet a new socketchannel 
2021-03-31 21:49:10 下午 [Thread: serverthread0][ Class:io.metty.eventloop.NioWorkerEventLoop >> Method: io.metty.eventloop.NioWorkerEventLoop.registerChannelTask(NioWorkerEventLoop.java:63) ]
INFO:register  clientchannel
2021-03-31 21:50:59 下午 [Thread: serverthread0][ Class:io.metty.eventloop.AbstractNioEventLoop >> Method: io.metty.eventloop.AbstractNioEventLoop.run(AbstractNioEventLoop.java:77) ]
INFO:thread:   serverthread0------start
2021-03-31 21:50:59 下午 [Thread: workerthread0][ Class:io.metty.eventloop.AbstractNioEventLoop >> Method: io.metty.eventloop.AbstractNioEventLoop.run(AbstractNioEventLoop.java:77) ]
INFO:thread:   workerthread0------start
2021-03-31 21:50:59 下午 [Thread: main][ Class:io.metty.codec.decoder.DelimiterBasedFrameDecoder >> Method: io.metty.codec.decoder.DelimiterBasedFrameDecoder.init(DelimiterBasedFrameDecoder.java:32) ]
INFO:init delimiters
2021-03-31 21:50:59 下午 [Thread: main][ Class:io.metty.eventloop.NioBossEventLoop >> Method: io.metty.eventloop.NioBossEventLoop.registerChannelTask(NioBossEventLoop.java:67) ]
INFO:register server channel
2021-03-31 21:51:02 下午 [Thread: workerthread0][ Class:io.metty.eventloop.AbstractNioEventLoop >> Method: io.metty.eventloop.AbstractNioEventLoop.run(AbstractNioEventLoop.java:77) ]
INFO:thread:   workerthread0------start
2021-03-31 21:51:02 下午 [Thread: main][ Class:io.metty.eventloop.NioWorkerEventLoop >> Method: io.metty.eventloop.NioWorkerEventLoop.registerChannelTask(NioWorkerEventLoop.java:63) ]
INFO:register  clientchannel
2021-03-31 21:51:02 下午 [Thread: serverthread0][ Class:io.metty.eventloop.NioBossEventLoop >> Method: io.metty.eventloop.NioBossEventLoop.process(NioBossEventLoop.java:53) ]
INFO:accpet a new socketchannel 
2021-03-31 21:51:02 下午 [Thread: serverthread0][ Class:io.metty.eventloop.NioWorkerEventLoop >> Method: io.metty.eventloop.NioWorkerEventLoop.registerChannelTask(NioWorkerEventLoop.java:63) ]
INFO:register  clientchannel
2021-03-31 21:51:02 下午 [Thread: workerthread0][ Class:io.metty.eventloop.NioWorkerEventLoop >> Method: io.metty.eventloop.NioWorkerEventLoop.process(NioWorkerEventLoop.java:50) ]
INFO:socketchannel connected
2021-03-31 21:53:32 下午 [Thread: serverthread0][ Class:io.metty.eventloop.AbstractNioEventLoop >> Method: io.metty.eventloop.AbstractNioEventLoop.run(AbstractNioEventLoop.java:77) ]
INFO:thread:   serverthread0------start
2021-03-31 21:53:32 下午 [Thread: workerthread0][ Class:io.metty.eventloop.AbstractNioEventLoop >> Method: io.metty.eventloop.AbstractNioEventLoop.run(AbstractNioEventLoop.java:77) ]
INFO:thread:   workerthread0------start
2021-03-31 21:53:32 下午 [Thread: main][ Class:io.metty.codec.decoder.DelimiterBasedFrameDecoder >> Method: io.metty.codec.decoder.DelimiterBasedFrameDecoder.init(DelimiterBasedFrameDecoder.java:32) ]
INFO:init delimiters
2021-03-31 21:53:32 下午 [Thread: main][ Class:io.metty.eventloop.NioBossEventLoop >> Method: io.metty.eventloop.NioBossEventLoop.registerChannelTask(NioBossEventLoop.java:67) ]
INFO:register server channel
2021-03-31 21:53:37 下午 [Thread: workerthread0][ Class:io.metty.eventloop.AbstractNioEventLoop >> Method: io.metty.eventloop.AbstractNioEventLoop.run(AbstractNioEventLoop.java:77) ]
INFO:thread:   workerthread0------start
2021-03-31 21:53:38 下午 [Thread: main][ Class:io.metty.eventloop.NioWorkerEventLoop >> Method: io.metty.eventloop.NioWorkerEventLoop.registerChannelTask(NioWorkerEventLoop.java:63) ]
INFO:register  clientchannel
2021-03-31 21:53:38 下午 [Thread: workerthread0][ Class:io.metty.eventloop.NioWorkerEventLoop >> Method: io.metty.eventloop.NioWorkerEventLoop.process(NioWorkerEventLoop.java:50) ]
INFO:socketchannel connected
2021-03-31 21:53:38 下午 [Thread: serverthread0][ Class:io.metty.eventloop.NioBossEventLoop >> Method: io.metty.eventloop.NioBossEventLoop.process(NioBossEventLoop.java:53) ]
INFO:accpet a new socketchannel 
2021-03-31 21:53:38 下午 [Thread: serverthread0][ Class:io.metty.eventloop.NioWorkerEventLoop >> Method: io.metty.eventloop.NioWorkerEventLoop.registerChannelTask(NioWorkerEventLoop.java:63) ]
INFO:register  clientchannel
