2021-04-17 12:39:11 下午 [Thread: main][ Class:io.metty.executor.ExecutorFactory >> Method: io.metty.executor.ExecutorFactory.newExecutor(ExecutorFactory.java:19) ]
INFO:create a new executor
2021-04-17 12:39:11 下午 [Thread: main][ Class:io.metty.eventloop.AbstractNioEventLoop >> Method: io.metty.eventloop.AbstractNioEventLoop.openSelector(AbstractNioEventLoop.java:58) ]
INFO:selector open
2021-04-17 12:39:11 下午 [Thread: serverthread0][ Class:io.metty.eventloop.AbstractNioEventLoop >> Method: io.metty.eventloop.AbstractNioEventLoop.run(AbstractNioEventLoop.java:78) ]
INFO:thread:   serverthread0------start
2021-04-17 12:39:11 下午 [Thread: main][ Class:io.metty.executor.ExecutorFactory >> Method: io.metty.executor.ExecutorFactory.newExecutor(ExecutorFactory.java:19) ]
INFO:create a new executor
2021-04-17 12:39:11 下午 [Thread: main][ Class:io.metty.eventloop.AbstractNioEventLoop >> Method: io.metty.eventloop.AbstractNioEventLoop.openSelector(AbstractNioEventLoop.java:58) ]
INFO:selector open
2021-04-17 12:39:11 下午 [Thread: workerthread0][ Class:io.metty.eventloop.AbstractNioEventLoop >> Method: io.metty.eventloop.AbstractNioEventLoop.run(AbstractNioEventLoop.java:78) ]
INFO:thread:   workerthread0------start
2021-04-17 12:39:11 下午 [Thread: main][ Class:io.bootstrap.AbstractNioBootStrap >> Method: io.bootstrap.AbstractNioBootStrap$DefaultChannelFactory.newChannel(AbstractNioBootStrap.java:50) ]
INFO:factory new channel success 
2021-04-17 12:39:11 下午 [Thread: main][ Class:io.metty.eventloop.NioBossEventLoop >> Method: io.metty.eventloop.NioBossEventLoop.registerChannelTask(NioBossEventLoop.java:71) ]
INFO:register example1.server channel
2021-04-17 12:39:21 下午 [Thread: pool-1-thread-1][ Class:io.heart.HeartHandler >> Method: io.heart.PingHandler.run(PingHandler.java:28) ]
INFO:--------ping,check connected success
2021-04-17 12:39:30 下午 [Thread: pool-1-thread-1][ Class:io.heart.HeartHandler >> Method: io.heart.PingHandler.run(PingHandler.java:28) ]
INFO:--------ping,check connected success
2021-04-17 12:39:39 下午 [Thread: pool-1-thread-1][ Class:io.heart.HeartHandler >> Method: io.heart.PingHandler.run(PingHandler.java:28) ]
INFO:--------ping,check connected success
2021-04-17 12:39:48 下午 [Thread: pool-1-thread-1][ Class:io.heart.HeartHandler >> Method: io.heart.PingHandler.run(PingHandler.java:28) ]
INFO:--------ping,check connected success
2021-04-17 12:39:57 下午 [Thread: pool-1-thread-1][ Class:io.heart.HeartHandler >> Method: io.heart.PingHandler.run(PingHandler.java:28) ]
INFO:--------ping,check connected success
2021-04-17 12:40:06 下午 [Thread: pool-1-thread-1][ Class:io.heart.HeartHandler >> Method: io.heart.PingHandler.run(PingHandler.java:28) ]
INFO:--------ping,check connected success
2021-04-17 12:40:15 下午 [Thread: pool-1-thread-1][ Class:io.heart.HeartHandler >> Method: io.heart.PingHandler.run(PingHandler.java:28) ]
INFO:--------ping,check connected success
2021-04-17 12:40:24 下午 [Thread: pool-1-thread-1][ Class:io.heart.HeartHandler >> Method: io.heart.PingHandler.run(PingHandler.java:28) ]
INFO:--------ping,check connected success
